{"/home/travis/build/npmtest/node-npmtest-postal/test.js":{"path":"/home/travis/build/npmtest/node-npmtest-postal/test.js","s":{"1":2,"2":2,"3":2,"4":2,"5":2,"6":2,"7":2,"8":1,"9":2,"10":2,"11":1,"12":1,"13":1,"14":1,"15":2,"16":2,"17":2,"18":2,"19":1,"20":1,"21":2,"22":2,"23":2,"24":1,"25":1,"26":1,"27":1,"28":1,"29":1,"30":1,"31":1,"32":1,"33":1,"34":1,"35":1,"36":1,"37":1,"38":1,"39":2,"40":2,"41":1,"42":2,"43":2,"44":1,"45":2,"46":2,"47":1,"48":2,"49":2,"50":1,"51":1,"52":1,"53":1,"54":1},"b":{"1":[2,1,1,1],"2":[1,1,1,1],"3":[1,1],"4":[1,1],"5":[1,1],"6":[1,1],"7":[1,1],"8":[1,1],"9":[1,1],"10":[1,1,1],"11":[1,1],"12":[1,1],"13":[1,1],"14":[1,1],"15":[1,1],"16":[1,1],"17":[1,1]},"f":{"1":2,"2":2,"3":2,"4":2,"5":2,"6":1,"7":1,"8":1,"9":2,"10":2,"11":2,"12":2,"13":1},"fnMap":{"1":{"name":"(anonymous_1)","line":12,"loc":{"start":{"line":12,"column":1},"end":{"line":12,"column":13}}},"2":{"name":"(anonymous_2)","line":19,"loc":{"start":{"line":19,"column":5},"end":{"line":19,"column":17}}},"3":{"name":"(anonymous_3)","line":23,"loc":{"start":{"line":23,"column":24},"end":{"line":23,"column":36}}},"4":{"name":"(anonymous_4)","line":61,"loc":{"start":{"line":61,"column":5},"end":{"line":61,"column":17}}},"5":{"name":"(anonymous_5)","line":82,"loc":{"start":{"line":82,"column":5},"end":{"line":82,"column":17}}},"6":{"name":"(anonymous_6)","line":91,"loc":{"start":{"line":91,"column":77},"end":{"line":94,"column":10}}},"7":{"name":"(anonymous_7)","line":112,"loc":{"start":{"line":112,"column":83},"end":{"line":115,"column":10}},"skip":true},"8":{"name":"(anonymous_8)","line":123,"loc":{"start":{"line":123,"column":77},"end":{"line":126,"column":10}},"skip":true},"9":{"name":"(anonymous_9)","line":139,"loc":{"start":{"line":139,"column":12},"end":{"line":139,"column":40}},"skip":true},"10":{"name":"(anonymous_10)","line":147,"loc":{"start":{"line":147,"column":77},"end":{"line":150,"column":10}},"skip":true},"11":{"name":"(anonymous_11)","line":158,"loc":{"start":{"line":158,"column":83},"end":{"line":161,"column":10}},"skip":true},"12":{"name":"(anonymous_12)","line":169,"loc":{"start":{"line":169,"column":79},"end":{"line":172,"column":10}},"skip":true},"13":{"name":"(anonymous_13)","line":180,"loc":{"start":{"line":180,"column":75},"end":{"line":183,"column":10}},"skip":true}},"statementMap":{"1":{"start":{"line":12,"column":0},"end":{"line":195,"column":5}},"2":{"start":{"line":14,"column":4},"end":{"line":14,"column":14}},"3":{"start":{"line":19,"column":4},"end":{"line":56,"column":9}},"4":{"start":{"line":21,"column":8},"end":{"line":21,"column":19}},"5":{"start":{"line":23,"column":8},"end":{"line":35,"column":13}},"6":{"start":{"line":24,"column":12},"end":{"line":34,"column":13}},"7":{"start":{"line":25,"column":16},"end":{"line":28,"column":30}},"8":{"start":{"line":30,"column":16},"end":{"line":33,"column":27}},"9":{"start":{"line":37,"column":8},"end":{"line":39,"column":21}},"10":{"start":{"line":40,"column":8},"end":{"line":53,"column":9}},"11":{"start":{"line":43,"column":12},"end":{"line":46,"column":14}},"12":{"start":{"line":47,"column":12},"end":{"line":47,"column":18}},"13":{"start":{"line":50,"column":12},"end":{"line":51,"column":46}},"14":{"start":{"line":52,"column":12},"end":{"line":52,"column":18}},"15":{"start":{"line":55,"column":8},"end":{"line":55,"column":35}},"16":{"start":{"line":61,"column":4},"end":{"line":63,"column":9}},"17":{"start":{"line":62,"column":8},"end":{"line":62,"column":15}},"18":{"start":{"line":64,"column":4},"end":{"line":77,"column":5}},"19":{"start":{"line":70,"column":8},"end":{"line":70,"column":14}},"20":{"start":{"line":76,"column":8},"end":{"line":76,"column":14}},"21":{"start":{"line":82,"column":4},"end":{"line":84,"column":9}},"22":{"start":{"line":83,"column":8},"end":{"line":83,"column":15}},"23":{"start":{"line":85,"column":4},"end":{"line":194,"column":5}},"24":{"start":{"line":91,"column":8},"end":{"line":99,"column":10}},"25":{"start":{"line":98,"column":12},"end":{"line":98,"column":35}},"26":{"start":{"line":102,"column":8},"end":{"line":104,"column":63}},"27":{"start":{"line":105,"column":8},"end":{"line":105,"column":14}},"28":{"start":{"line":112,"column":8},"end":{"line":121,"column":10},"skip":true},"29":{"start":{"line":119,"column":12},"end":{"line":119,"column":55},"skip":true},"30":{"start":{"line":120,"column":12},"end":{"line":120,"column":48},"skip":true},"31":{"start":{"line":123,"column":8},"end":{"line":136,"column":10},"skip":true},"32":{"start":{"line":130,"column":12},"end":{"line":130,"column":76},"skip":true},"33":{"start":{"line":131,"column":12},"end":{"line":131,"column":73},"skip":true},"34":{"start":{"line":132,"column":12},"end":{"line":132,"column":74},"skip":true},"35":{"start":{"line":133,"column":12},"end":{"line":133,"column":79},"skip":true},"36":{"start":{"line":134,"column":12},"end":{"line":134,"column":25},"skip":true},"37":{"start":{"line":135,"column":12},"end":{"line":135,"column":45},"skip":true},"38":{"start":{"line":138,"column":8},"end":{"line":145,"column":14},"skip":true},"39":{"start":{"line":143,"column":16},"end":{"line":143,"column":29},"skip":true},"40":{"start":{"line":144,"column":16},"end":{"line":144,"column":55},"skip":true},"41":{"start":{"line":147,"column":8},"end":{"line":156,"column":10},"skip":true},"42":{"start":{"line":154,"column":12},"end":{"line":154,"column":25},"skip":true},"43":{"start":{"line":155,"column":12},"end":{"line":155,"column":45},"skip":true},"44":{"start":{"line":158,"column":8},"end":{"line":167,"column":10},"skip":true},"45":{"start":{"line":165,"column":12},"end":{"line":165,"column":25},"skip":true},"46":{"start":{"line":166,"column":12},"end":{"line":166,"column":48},"skip":true},"47":{"start":{"line":169,"column":8},"end":{"line":178,"column":10},"skip":true},"48":{"start":{"line":176,"column":12},"end":{"line":176,"column":25},"skip":true},"49":{"start":{"line":177,"column":12},"end":{"line":177,"column":46},"skip":true},"50":{"start":{"line":180,"column":8},"end":{"line":189,"column":10},"skip":true},"51":{"start":{"line":187,"column":12},"end":{"line":187,"column":94},"skip":true},"52":{"start":{"line":188,"column":12},"end":{"line":188,"column":48},"skip":true},"53":{"start":{"line":192,"column":8},"end":{"line":192,"column":35},"skip":true},"54":{"start":{"line":193,"column":8},"end":{"line":193,"column":14},"skip":true}},"branchMap":{"1":{"line":25,"type":"binary-expr","locations":[{"start":{"line":25,"column":23},"end":{"line":25,"column":62}},{"start":{"line":26,"column":20},"end":{"line":26,"column":70}},{"start":{"line":27,"column":20},"end":{"line":27,"column":71}},{"start":{"line":28,"column":20},"end":{"line":28,"column":29}}]},"2":{"line":30,"type":"binary-expr","locations":[{"start":{"line":30,"column":23},"end":{"line":30,"column":37}},{"start":{"line":31,"column":20},"end":{"line":31,"column":61}},{"start":{"line":32,"column":20},"end":{"line":32,"column":70}},{"start":{"line":33,"column":20},"end":{"line":33,"column":26}}]},"3":{"line":37,"type":"cond-expr","locations":[{"start":{"line":38,"column":14},"end":{"line":38,"column":20}},{"start":{"line":39,"column":14},"end":{"line":39,"column":20}}]},"4":{"line":40,"type":"switch","locations":[{"start":{"line":42,"column":8},"end":{"line":47,"column":18}},{"start":{"line":49,"column":8},"end":{"line":52,"column":18}}]},"5":{"line":44,"type":"binary-expr","locations":[{"start":{"line":44,"column":16},"end":{"line":44,"column":44}},{"start":{"line":44,"column":48},"end":{"line":44,"column":66}}]},"6":{"line":50,"type":"binary-expr","locations":[{"start":{"line":50,"column":21},"end":{"line":50,"column":49}},{"start":{"line":50,"column":53},"end":{"line":50,"column":72}}]},"7":{"line":64,"type":"switch","locations":[{"start":{"line":69,"column":4},"end":{"line":70,"column":14}},{"start":{"line":75,"column":4},"end":{"line":76,"column":14}}]},"8":{"line":85,"type":"switch","locations":[{"start":{"line":90,"column":4},"end":{"line":105,"column":14}},{"start":{"line":111,"column":4},"end":{"line":193,"column":14},"skip":true}]},"9":{"line":91,"type":"binary-expr","locations":[{"start":{"line":91,"column":42},"end":{"line":91,"column":73}},{"start":{"line":91,"column":77},"end":{"line":99,"column":9}}]},"10":{"line":102,"type":"binary-expr","locations":[{"start":{"line":102,"column":18},"end":{"line":102,"column":32}},{"start":{"line":103,"column":12},"end":{"line":103,"column":53}},{"start":{"line":104,"column":12},"end":{"line":104,"column":61}}]},"11":{"line":112,"type":"binary-expr","locations":[{"start":{"line":112,"column":45},"end":{"line":112,"column":79},"skip":true},{"start":{"line":112,"column":83},"end":{"line":121,"column":9},"skip":true}]},"12":{"line":123,"type":"binary-expr","locations":[{"start":{"line":123,"column":42},"end":{"line":123,"column":73},"skip":true},{"start":{"line":123,"column":77},"end":{"line":136,"column":9},"skip":true}]},"13":{"line":138,"type":"binary-expr","locations":[{"start":{"line":138,"column":48},"end":{"line":138,"column":85},"skip":true},{"start":{"line":139,"column":12},"end":{"line":145,"column":13},"skip":true}]},"14":{"line":147,"type":"binary-expr","locations":[{"start":{"line":147,"column":42},"end":{"line":147,"column":73},"skip":true},{"start":{"line":147,"column":77},"end":{"line":156,"column":9},"skip":true}]},"15":{"line":158,"type":"binary-expr","locations":[{"start":{"line":158,"column":45},"end":{"line":158,"column":79},"skip":true},{"start":{"line":158,"column":83},"end":{"line":167,"column":9},"skip":true}]},"16":{"line":169,"type":"binary-expr","locations":[{"start":{"line":169,"column":43},"end":{"line":169,"column":75},"skip":true},{"start":{"line":169,"column":79},"end":{"line":178,"column":9},"skip":true}]},"17":{"line":180,"type":"binary-expr","locations":[{"start":{"line":180,"column":41},"end":{"line":180,"column":71},"skip":true},{"start":{"line":180,"column":75},"end":{"line":189,"column":9},"skip":true}]}},"code":["/* istanbul instrument in package npmtest_postal */","/*jslint","    bitwise: true,","    browser: true,","    maxerr: 8,","    maxlen: 96,","    node: true,","    nomen: true,","    regexp: true,","    stupid: true","*/","(function () {","    'use strict';","    var local;","","","","    // run shared js-env code - pre-init","    (function () {","        // init local","        local = {};","        // init modeJs","        local.modeJs = (function () {","            try {","                return typeof navigator.userAgent === 'string' &&","                    typeof document.querySelector('body') === 'object' &&","                    typeof XMLHttpRequest.prototype.open === 'function' &&","                    'browser';","            } catch (errorCaughtBrowser) {","                return module.exports &&","                    typeof process.versions.node === 'string' &&","                    typeof require('http').createServer === 'function' &&","                    'node';","            }","        }());","        // init global","        local.global = local.modeJs === 'browser'","            ? window","            : global;","        switch (local.modeJs) {","        // re-init local from window.local","        case 'browser':","            local = local.global.utility2.objectSetDefault(","                local.global.utility2_rollup || local.global.local,","                local.global.utility2","            );","            break;","        // re-init local from example.js","        case 'node':","            local = (local.global.utility2_rollup || require('utility2'))","                .requireExampleJsFromReadme();","            break;","        }","        // export local","        local.global.local = local;","    }());","","","","    // run shared js-env code - function","    (function () {","        return;","    }());","    switch (local.modeJs) {","","","","    // run browser js-env code - function","    case 'browser':","        break;","","","","    // run node js-env code - function","    case 'node':","        break;","    }","","","","    // run shared js-env code - post-init","    (function () {","        return;","    }());","    switch (local.modeJs) {","","","","    // run browser js-env code - post-init","    case 'browser':","        local.testCase_browser_nullCase = local.testCase_browser_nullCase || function (","            options,","            onError","        ) {","        /*","         * this function will test browsers's null-case handling-behavior-behavior","         */","            onError(null, options);","        };","","        // run tests","        local.nop(local.modeTest &&","            document.querySelector('#testRunButton1') &&","            document.querySelector('#testRunButton1').click());","        break;","","","","    // run node js-env code - post-init","    /* istanbul ignore next */","    case 'node':","        local.testCase_buildApidoc_default = local.testCase_buildApidoc_default || function (","            options,","            onError","        ) {","        /*","         * this function will test buildApidoc's default handling-behavior-behavior","         */","            options = { modulePathList: module.paths };","            local.buildApidoc(options, onError);","        };","","        local.testCase_buildApp_default = local.testCase_buildApp_default || function (","            options,","            onError","        ) {","        /*","         * this function will test buildApp's default handling-behavior-behavior","         */","            local.testCase_buildReadme_default(options, local.onErrorThrow);","            local.testCase_buildLib_default(options, local.onErrorThrow);","            local.testCase_buildTest_default(options, local.onErrorThrow);","            local.testCase_buildCustomOrg_default(options, local.onErrorThrow);","            options = [];","            local.buildApp(options, onError);","        };","","        local.testCase_buildCustomOrg_default = local.testCase_buildCustomOrg_default ||","            function (options, onError) {","            /*","             * this function will test buildCustomOrg's default handling-behavior","             */","                options = {};","                local.buildCustomOrg(options, onError);","            };","","        local.testCase_buildLib_default = local.testCase_buildLib_default || function (","            options,","            onError","        ) {","        /*","         * this function will test buildLib's default handling-behavior","         */","            options = {};","            local.buildLib(options, onError);","        };","","        local.testCase_buildReadme_default = local.testCase_buildReadme_default || function (","            options,","            onError","        ) {","        /*","         * this function will test buildReadme's default handling-behavior-behavior","         */","            options = {};","            local.buildReadme(options, onError);","        };","","        local.testCase_buildTest_default = local.testCase_buildTest_default || function (","            options,","            onError","        ) {","        /*","         * this function will test buildTest's default handling-behavior","         */","            options = {};","            local.buildTest(options, onError);","        };","","        local.testCase_webpage_default = local.testCase_webpage_default || function (","            options,","            onError","        ) {","        /*","         * this function will test webpage's default handling-behavior","         */","            options = { modeCoverageMerge: true, url: local.serverLocalHost + '?modeTest=1' };","            local.browserTest(options, onError);","        };","","        // run test-server","        local.testRunServer(local);","        break;","    }","}());",""],"l":{"12":2,"14":2,"19":2,"21":2,"23":2,"24":2,"25":2,"30":1,"37":2,"40":2,"43":1,"47":1,"50":1,"52":1,"55":2,"61":2,"62":2,"64":2,"70":1,"76":1,"82":2,"83":2,"85":2,"91":1,"98":1,"102":1,"105":1,"112":1,"119":1,"120":1,"123":1,"130":1,"131":1,"132":1,"133":1,"134":1,"135":1,"138":1,"143":2,"144":2,"147":1,"154":2,"155":2,"158":1,"165":2,"166":2,"169":1,"176":2,"177":2,"180":1,"187":1,"188":1,"192":1,"193":1}},"/home/travis/build/npmtest/node-npmtest-postal/lib.npmtest_postal.js":{"path":"/home/travis/build/npmtest/node-npmtest-postal/lib.npmtest_postal.js","s":{"1":2,"2":2,"3":2,"4":2,"5":2,"6":2,"7":2,"8":1,"9":2,"10":2,"11":2,"12":2,"13":1,"14":1,"15":1,"16":1},"b":{"1":[2,1,1,1],"2":[1,1,1,1],"3":[1,1],"4":[2,2],"5":[1,1]},"f":{"1":2,"2":2,"3":2},"fnMap":{"1":{"name":"(anonymous_1)","line":12,"loc":{"start":{"line":12,"column":1},"end":{"line":12,"column":13}}},"2":{"name":"(anonymous_2)","line":19,"loc":{"start":{"line":19,"column":5},"end":{"line":19,"column":17}}},"3":{"name":"(anonymous_3)","line":23,"loc":{"start":{"line":23,"column":24},"end":{"line":23,"column":36}}}},"statementMap":{"1":{"start":{"line":12,"column":0},"end":{"line":53,"column":5}},"2":{"start":{"line":14,"column":4},"end":{"line":14,"column":14}},"3":{"start":{"line":19,"column":4},"end":{"line":52,"column":9}},"4":{"start":{"line":21,"column":8},"end":{"line":21,"column":19}},"5":{"start":{"line":23,"column":8},"end":{"line":35,"column":13}},"6":{"start":{"line":24,"column":12},"end":{"line":34,"column":13}},"7":{"start":{"line":25,"column":16},"end":{"line":28,"column":30}},"8":{"start":{"line":30,"column":16},"end":{"line":33,"column":27}},"9":{"start":{"line":37,"column":8},"end":{"line":39,"column":21}},"10":{"start":{"line":41,"column":8},"end":{"line":41,"column":54}},"11":{"start":{"line":43,"column":8},"end":{"line":43,"column":51}},"12":{"start":{"line":45,"column":8},"end":{"line":51,"column":9}},"13":{"start":{"line":46,"column":12},"end":{"line":46,"column":57}},"14":{"start":{"line":48,"column":12},"end":{"line":48,"column":35}},"15":{"start":{"line":49,"column":12},"end":{"line":49,"column":49}},"16":{"start":{"line":50,"column":12},"end":{"line":50,"column":43}}},"branchMap":{"1":{"line":25,"type":"binary-expr","locations":[{"start":{"line":25,"column":23},"end":{"line":25,"column":62}},{"start":{"line":26,"column":20},"end":{"line":26,"column":70}},{"start":{"line":27,"column":20},"end":{"line":27,"column":71}},{"start":{"line":28,"column":20},"end":{"line":28,"column":29}}]},"2":{"line":30,"type":"binary-expr","locations":[{"start":{"line":30,"column":23},"end":{"line":30,"column":37}},{"start":{"line":31,"column":20},"end":{"line":31,"column":61}},{"start":{"line":32,"column":20},"end":{"line":32,"column":70}},{"start":{"line":33,"column":20},"end":{"line":33,"column":26}}]},"3":{"line":37,"type":"cond-expr","locations":[{"start":{"line":38,"column":14},"end":{"line":38,"column":20}},{"start":{"line":39,"column":14},"end":{"line":39,"column":20}}]},"4":{"line":41,"type":"binary-expr","locations":[{"start":{"line":41,"column":16},"end":{"line":41,"column":44}},{"start":{"line":41,"column":48},"end":{"line":41,"column":53}}]},"5":{"line":45,"type":"if","locations":[{"start":{"line":45,"column":8},"end":{"line":45,"column":8}},{"start":{"line":45,"column":8},"end":{"line":45,"column":8}}]}},"code":["/* istanbul instrument in package npmtest_postal */","/*jslint","    bitwise: true,","    browser: true,","    maxerr: 8,","    maxlen: 96,","    node: true,","    nomen: true,","    regexp: true,","    stupid: true","*/","(function () {","    'use strict';","    var local;","","","","    // run shared js-env code - pre-init","    (function () {","        // init local","        local = {};","        // init modeJs","        local.modeJs = (function () {","            try {","                return typeof navigator.userAgent === 'string' &&","                    typeof document.querySelector('body') === 'object' &&","                    typeof XMLHttpRequest.prototype.open === 'function' &&","                    'browser';","            } catch (errorCaughtBrowser) {","                return module.exports &&","                    typeof process.versions.node === 'string' &&","                    typeof require('http').createServer === 'function' &&","                    'node';","            }","        }());","        // init global","        local.global = local.modeJs === 'browser'","            ? window","            : global;","        // init utility2_rollup","        local = local.global.utility2_rollup || local;","        // init lib","        local.local = local.npmtest_postal = local;","        // init exports","        if (local.modeJs === 'browser') {","            local.global.utility2_npmtest_postal = local;","        } else {","            module.exports = local;","            module.exports.__dirname = __dirname;","            module.exports.module = module;","        }","    }());","}());",""],"l":{"12":2,"14":2,"19":2,"21":2,"23":2,"24":2,"25":2,"30":1,"37":2,"41":2,"43":2,"45":2,"46":1,"48":1,"49":1,"50":1}},"/home/travis/build/npmtest/node-npmtest-postal/example.js":{"path":"/home/travis/build/npmtest/node-npmtest-postal/example.js","s":{"1":2,"2":2,"3":2,"4":2,"5":2,"6":2,"7":2,"8":1,"9":2,"10":2,"11":2,"12":2,"13":1,"14":2,"15":2,"16":2,"17":2,"18":2,"19":0,"20":2,"21":1,"22":1,"23":1,"24":1,"25":1,"26":0,"27":0,"28":1,"29":1,"30":2,"31":0,"32":0,"33":0,"34":1,"35":2,"36":2,"37":3,"38":3,"39":3,"40":3,"41":0,"42":3,"43":3,"44":3,"45":1,"46":3,"47":1,"48":1,"49":1,"50":1,"51":1,"52":1,"53":1,"54":1,"55":1,"56":1,"57":0,"58":1,"59":6,"60":6,"61":1,"62":2,"63":0,"64":2,"65":1,"66":1,"67":0,"68":0,"69":0,"70":0,"71":0,"72":0,"73":0,"74":0,"75":0,"76":0,"77":0,"78":0,"79":0,"80":0,"81":0,"82":0,"83":0},"b":{"1":[2,1,1,1],"2":[1,1,1,1],"3":[1,1],"4":[2,2],"5":[1,1],"6":[1,1],"7":[2,0],"8":[2,1,1,1,1,1],"9":[0,2,0],"10":[1,1],"11":[2,1,1],"12":[1,0],"13":[0,2],"14":[2,0,0,0,0,0,0],"15":[0,3],"16":[3,0],"17":[1,1],"18":[0,1],"19":[1,2,0,2],"20":[1,0],"21":[1,1],"22":[0,0],"23":[0,0],"24":[0,0],"25":[0,0],"26":[0,0],"27":[0,0],"28":[0,0]},"f":{"1":2,"2":2,"3":2,"4":2,"5":2,"6":2,"7":3,"8":3,"9":3,"10":1,"11":6,"12":0},"fnMap":{"1":{"name":"(anonymous_1)","line":26,"loc":{"start":{"line":26,"column":1},"end":{"line":26,"column":13}}},"2":{"name":"(anonymous_2)","line":33,"loc":{"start":{"line":33,"column":5},"end":{"line":33,"column":17}}},"3":{"name":"(anonymous_3)","line":37,"loc":{"start":{"line":37,"column":24},"end":{"line":37,"column":36}}},"4":{"name":"(anonymous_4)","line":69,"loc":{"start":{"line":69,"column":31},"end":{"line":69,"column":48}},"skip":true},"5":{"name":"(anonymous_5)","line":78,"loc":{"start":{"line":78,"column":26},"end":{"line":78,"column":45}},"skip":true},"6":{"name":"(anonymous_6)","line":123,"loc":{"start":{"line":123,"column":33},"end":{"line":123,"column":48}},"skip":true},"7":{"name":"(anonymous_7)","line":125,"loc":{"start":{"line":125,"column":27},"end":{"line":125,"column":39}},"skip":true},"8":{"name":"(anonymous_8)","line":133,"loc":{"start":{"line":133,"column":59},"end":{"line":133,"column":74}},"skip":true},"9":{"name":"(anonymous_9)","line":143,"loc":{"start":{"line":143,"column":45},"end":{"line":143,"column":62}},"skip":true},"10":{"name":"(anonymous_10)","line":144,"loc":{"start":{"line":144,"column":73},"end":{"line":144,"column":92}},"skip":true},"11":{"name":"(anonymous_11)","line":272,"loc":{"start":{"line":272,"column":51},"end":{"line":272,"column":77}},"skip":true},"12":{"name":"(anonymous_12)","line":315,"loc":{"start":{"line":315,"column":32},"end":{"line":315,"column":61}},"skip":true}},"statementMap":{"1":{"start":{"line":26,"column":0},"end":{"line":326,"column":5}},"2":{"start":{"line":28,"column":4},"end":{"line":28,"column":14}},"3":{"start":{"line":33,"column":4},"end":{"line":60,"column":9}},"4":{"start":{"line":35,"column":8},"end":{"line":35,"column":19}},"5":{"start":{"line":37,"column":8},"end":{"line":49,"column":13}},"6":{"start":{"line":38,"column":12},"end":{"line":48,"column":13}},"7":{"start":{"line":39,"column":16},"end":{"line":42,"column":30}},"8":{"start":{"line":44,"column":16},"end":{"line":47,"column":27}},"9":{"start":{"line":51,"column":8},"end":{"line":53,"column":21}},"10":{"start":{"line":55,"column":8},"end":{"line":57,"column":45}},"11":{"start":{"line":59,"column":8},"end":{"line":59,"column":35}},"12":{"start":{"line":61,"column":4},"end":{"line":325,"column":5}},"13":{"start":{"line":69,"column":8},"end":{"line":121,"column":10},"skip":true},"14":{"start":{"line":70,"column":12},"end":{"line":88,"column":13},"skip":true},"15":{"start":{"line":76,"column":16},"end":{"line":87,"column":19},"skip":true},"16":{"start":{"line":79,"column":20},"end":{"line":86,"column":21},"skip":true},"17":{"start":{"line":82,"column":24},"end":{"line":82,"column":43},"skip":true},"18":{"start":{"line":83,"column":24},"end":{"line":83,"column":30},"skip":true},"19":{"start":{"line":85,"column":24},"end":{"line":85,"column":49},"skip":true},"20":{"start":{"line":89,"column":12},"end":{"line":107,"column":13},"skip":true},"21":{"start":{"line":92,"column":16},"end":{"line":102,"column":17},"skip":true},"22":{"start":{"line":93,"column":20},"end":{"line":93,"column":86},"skip":true},"23":{"start":{"line":94,"column":20},"end":{"line":95,"column":45},"skip":true},"24":{"start":{"line":96,"column":20},"end":{"line":96,"column":42},"skip":true},"25":{"start":{"line":97,"column":20},"end":{"line":97,"column":48},"skip":true},"26":{"start":{"line":100,"column":20},"end":{"line":100,"column":85},"skip":true},"27":{"start":{"line":101,"column":20},"end":{"line":101,"column":96},"skip":true},"28":{"start":{"line":103,"column":16},"end":{"line":103,"column":22},"skip":true},"29":{"start":{"line":106,"column":16},"end":{"line":106,"column":22},"skip":true},"30":{"start":{"line":108,"column":12},"end":{"line":120,"column":13},"skip":true},"31":{"start":{"line":114,"column":16},"end":{"line":119,"column":17},"skip":true},"32":{"start":{"line":116,"column":20},"end":{"line":116,"column":78},"skip":true},"33":{"start":{"line":118,"column":20},"end":{"line":118,"column":47},"skip":true},"34":{"start":{"line":123,"column":8},"end":{"line":141,"column":11},"skip":true},"35":{"start":{"line":124,"column":12},"end":{"line":124,"column":54},"skip":true},"36":{"start":{"line":125,"column":12},"end":{"line":140,"column":14},"skip":true},"37":{"start":{"line":126,"column":16},"end":{"line":126,"column":28},"skip":true},"38":{"start":{"line":127,"column":16},"end":{"line":127,"column":69},"skip":true},"39":{"start":{"line":128,"column":16},"end":{"line":128,"column":75},"skip":true},"40":{"start":{"line":129,"column":16},"end":{"line":131,"column":17},"skip":true},"41":{"start":{"line":130,"column":20},"end":{"line":130,"column":27},"skip":true},"42":{"start":{"line":133,"column":16},"end":{"line":137,"column":36},"skip":true},"43":{"start":{"line":134,"column":20},"end":{"line":136,"column":55},"skip":true},"44":{"start":{"line":139,"column":16},"end":{"line":139,"column":57},"skip":true},"45":{"start":{"line":143,"column":8},"end":{"line":147,"column":11},"skip":true},"46":{"start":{"line":144,"column":12},"end":{"line":146,"column":15},"skip":true},"47":{"start":{"line":145,"column":16},"end":{"line":145,"column":70},"skip":true},"48":{"start":{"line":149,"column":8},"end":{"line":149,"column":31},"skip":true},"49":{"start":{"line":150,"column":8},"end":{"line":150,"column":14},"skip":true},"50":{"start":{"line":158,"column":8},"end":{"line":158,"column":31},"skip":true},"51":{"start":{"line":160,"column":8},"end":{"line":160,"column":33},"skip":true},"52":{"start":{"line":161,"column":8},"end":{"line":161,"column":37},"skip":true},"53":{"start":{"line":162,"column":8},"end":{"line":162,"column":35},"skip":true},"54":{"start":{"line":164,"column":8},"end":{"line":164,"column":50},"skip":true},"55":{"start":{"line":166,"column":8},"end":{"line":256,"column":2},"skip":true},"56":{"start":{"line":258,"column":8},"end":{"line":286,"column":9},"skip":true},"57":{"start":{"line":259,"column":12},"end":{"line":269,"column":14},"skip":true},"58":{"start":{"line":271,"column":12},"end":{"line":285,"column":19},"skip":true},"59":{"start":{"line":274,"column":20},"end":{"line":274,"column":35},"skip":true},"60":{"start":{"line":275,"column":20},"end":{"line":284,"column":21},"skip":true},"61":{"start":{"line":277,"column":24},"end":{"line":277,"column":64},"skip":true},"62":{"start":{"line":279,"column":24},"end":{"line":279,"column":40},"skip":true},"63":{"start":{"line":281,"column":24},"end":{"line":281,"column":40},"skip":true},"64":{"start":{"line":283,"column":24},"end":{"line":283,"column":39},"skip":true},"65":{"start":{"line":288,"column":8},"end":{"line":290,"column":9},"skip":true},"66":{"start":{"line":289,"column":12},"end":{"line":289,"column":18},"skip":true},"67":{"start":{"line":291,"column":8},"end":{"line":293,"column":54},"skip":true},"68":{"start":{"line":296,"column":8},"end":{"line":301,"column":37},"skip":true},"69":{"start":{"line":303,"column":8},"end":{"line":303,"column":82},"skip":true},"70":{"start":{"line":306,"column":8},"end":{"line":308,"column":9},"skip":true},"71":{"start":{"line":307,"column":12},"end":{"line":307,"column":82},"skip":true},"72":{"start":{"line":310,"column":8},"end":{"line":312,"column":9},"skip":true},"73":{"start":{"line":311,"column":12},"end":{"line":311,"column":18},"skip":true},"74":{"start":{"line":313,"column":8},"end":{"line":313,"column":54},"skip":true},"75":{"start":{"line":314,"column":8},"end":{"line":314,"column":69},"skip":true},"76":{"start":{"line":315,"column":8},"end":{"line":323,"column":36},"skip":true},"77":{"start":{"line":316,"column":12},"end":{"line":316,"column":61},"skip":true},"78":{"start":{"line":317,"column":12},"end":{"line":320,"column":13},"skip":true},"79":{"start":{"line":318,"column":16},"end":{"line":318,"column":75},"skip":true},"80":{"start":{"line":319,"column":16},"end":{"line":319,"column":23},"skip":true},"81":{"start":{"line":321,"column":12},"end":{"line":321,"column":38},"skip":true},"82":{"start":{"line":322,"column":12},"end":{"line":322,"column":27},"skip":true},"83":{"start":{"line":324,"column":8},"end":{"line":324,"column":14},"skip":true}},"branchMap":{"1":{"line":39,"type":"binary-expr","locations":[{"start":{"line":39,"column":23},"end":{"line":39,"column":62}},{"start":{"line":40,"column":20},"end":{"line":40,"column":70}},{"start":{"line":41,"column":20},"end":{"line":41,"column":71}},{"start":{"line":42,"column":20},"end":{"line":42,"column":29}}]},"2":{"line":44,"type":"binary-expr","locations":[{"start":{"line":44,"column":23},"end":{"line":44,"column":37}},{"start":{"line":45,"column":20},"end":{"line":45,"column":61}},{"start":{"line":46,"column":20},"end":{"line":46,"column":70}},{"start":{"line":47,"column":20},"end":{"line":47,"column":26}}]},"3":{"line":51,"type":"cond-expr","locations":[{"start":{"line":52,"column":14},"end":{"line":52,"column":20}},{"start":{"line":53,"column":14},"end":{"line":53,"column":20}}]},"4":{"line":55,"type":"binary-expr","locations":[{"start":{"line":55,"column":16},"end":{"line":55,"column":44}},{"start":{"line":55,"column":49},"end":{"line":57,"column":43}}]},"5":{"line":55,"type":"cond-expr","locations":[{"start":{"line":56,"column":14},"end":{"line":56,"column":50}},{"start":{"line":57,"column":14},"end":{"line":57,"column":43}}]},"6":{"line":61,"type":"switch","locations":[{"start":{"line":68,"column":4},"end":{"line":150,"column":14},"skip":true},{"start":{"line":156,"column":4},"end":{"line":324,"column":14},"skip":true}]},"7":{"line":70,"type":"if","locations":[{"start":{"line":70,"column":12},"end":{"line":70,"column":12},"skip":true},{"start":{"line":70,"column":12},"end":{"line":70,"column":12},"skip":true}]},"8":{"line":70,"type":"binary-expr","locations":[{"start":{"line":70,"column":16},"end":{"line":70,"column":22},"skip":true},{"start":{"line":70,"column":27},"end":{"line":70,"column":32},"skip":true},{"start":{"line":71,"column":20},"end":{"line":71,"column":39},"skip":true},{"start":{"line":72,"column":20},"end":{"line":72,"column":49},"skip":true},{"start":{"line":73,"column":20},"end":{"line":73,"column":58},"skip":true},{"start":{"line":74,"column":20},"end":{"line":74,"column":69},"skip":true}]},"9":{"line":79,"type":"switch","locations":[{"start":{"line":80,"column":20},"end":{"line":80,"column":33},"skip":true},{"start":{"line":81,"column":20},"end":{"line":83,"column":30},"skip":true},{"start":{"line":84,"column":20},"end":{"line":85,"column":49},"skip":true}]},"10":{"line":89,"type":"switch","locations":[{"start":{"line":90,"column":12},"end":{"line":103,"column":22},"skip":true},{"start":{"line":105,"column":12},"end":{"line":106,"column":22},"skip":true}]},"11":{"line":89,"type":"binary-expr","locations":[{"start":{"line":89,"column":20},"end":{"line":89,"column":25},"skip":true},{"start":{"line":89,"column":29},"end":{"line":89,"column":48},"skip":true},{"start":{"line":89,"column":52},"end":{"line":89,"column":74},"skip":true}]},"12":{"line":92,"type":"if","locations":[{"start":{"line":92,"column":16},"end":{"line":92,"column":16},"skip":true},{"start":{"line":92,"column":16},"end":{"line":92,"column":16},"skip":true}]},"13":{"line":108,"type":"if","locations":[{"start":{"line":108,"column":12},"end":{"line":108,"column":12},"skip":true},{"start":{"line":108,"column":12},"end":{"line":108,"column":12},"skip":true}]},"14":{"line":108,"type":"binary-expr","locations":[{"start":{"line":108,"column":16},"end":{"line":108,"column":61},"skip":true},{"start":{"line":108,"column":66},"end":{"line":108,"column":72},"skip":true},{"start":{"line":108,"column":77},"end":{"line":108,"column":82},"skip":true},{"start":{"line":109,"column":20},"end":{"line":109,"column":39},"skip":true},{"start":{"line":110,"column":20},"end":{"line":110,"column":49},"skip":true},{"start":{"line":111,"column":20},"end":{"line":111,"column":58},"skip":true},{"start":{"line":112,"column":20},"end":{"line":112,"column":68},"skip":true}]},"15":{"line":129,"type":"if","locations":[{"start":{"line":129,"column":16},"end":{"line":129,"column":16},"skip":true},{"start":{"line":129,"column":16},"end":{"line":129,"column":16},"skip":true}]},"16":{"line":134,"type":"cond-expr","locations":[{"start":{"line":135,"column":26},"end":{"line":135,"column":29},"skip":true},{"start":{"line":136,"column":26},"end":{"line":136,"column":54},"skip":true}]},"17":{"line":164,"type":"binary-expr","locations":[{"start":{"line":164,"column":27},"end":{"line":164,"column":43},"skip":true},{"start":{"line":164,"column":47},"end":{"line":164,"column":49},"skip":true}]},"18":{"line":258,"type":"if","locations":[{"start":{"line":258,"column":8},"end":{"line":258,"column":8},"skip":true},{"start":{"line":258,"column":8},"end":{"line":258,"column":8},"skip":true}]},"19":{"line":275,"type":"switch","locations":[{"start":{"line":276,"column":20},"end":{"line":277,"column":64},"skip":true},{"start":{"line":278,"column":20},"end":{"line":279,"column":40},"skip":true},{"start":{"line":280,"column":20},"end":{"line":281,"column":40},"skip":true},{"start":{"line":282,"column":20},"end":{"line":283,"column":39},"skip":true}]},"20":{"line":288,"type":"if","locations":[{"start":{"line":288,"column":8},"end":{"line":288,"column":8},"skip":true},{"start":{"line":288,"column":8},"end":{"line":288,"column":8},"skip":true}]},"21":{"line":288,"type":"binary-expr","locations":[{"start":{"line":288,"column":12},"end":{"line":288,"column":40},"skip":true},{"start":{"line":288,"column":44},"end":{"line":288,"column":67},"skip":true}]},"22":{"line":292,"type":"binary-expr","locations":[{"start":{"line":292,"column":12},"end":{"line":292,"column":50},"skip":true},{"start":{"line":293,"column":12},"end":{"line":293,"column":53},"skip":true}]},"23":{"line":297,"type":"binary-expr","locations":[{"start":{"line":297,"column":12},"end":{"line":297,"column":64},"skip":true},{"start":{"line":298,"column":12},"end":{"line":301,"column":36},"skip":true}]},"24":{"line":303,"type":"binary-expr","locations":[{"start":{"line":303,"column":43},"end":{"line":303,"column":75},"skip":true},{"start":{"line":303,"column":79},"end":{"line":303,"column":81},"skip":true}]},"25":{"line":306,"type":"if","locations":[{"start":{"line":306,"column":8},"end":{"line":306,"column":8},"skip":true},{"start":{"line":306,"column":8},"end":{"line":306,"column":8},"skip":true}]},"26":{"line":310,"type":"if","locations":[{"start":{"line":310,"column":8},"end":{"line":310,"column":8},"skip":true},{"start":{"line":310,"column":8},"end":{"line":310,"column":8},"skip":true}]},"27":{"line":313,"type":"binary-expr","locations":[{"start":{"line":313,"column":27},"end":{"line":313,"column":43},"skip":true},{"start":{"line":313,"column":47},"end":{"line":313,"column":53},"skip":true}]},"28":{"line":317,"type":"if","locations":[{"start":{"line":317,"column":12},"end":{"line":317,"column":12},"skip":true},{"start":{"line":317,"column":12},"end":{"line":317,"column":12},"skip":true}]}},"code":["/*","example.js","","quickstart example","","instruction","    1. save this script as example.js","    2. run the shell command:","        $ npm install npmtest-postal && PORT=8081 node example.js","    3. play with the browser-demo on http://127.0.0.1:8081","*/","","","","/* istanbul instrument in package npmtest_postal */","/*jslint","    bitwise: true,","    browser: true,","    maxerr: 8,","    maxlen: 96,","    node: true,","    nomen: true,","    regexp: true,","    stupid: true","*/","(function () {","    'use strict';","    var local;","","","","    // run shared js-env code - pre-init","    (function () {","        // init local","        local = {};","        // init modeJs","        local.modeJs = (function () {","            try {","                return typeof navigator.userAgent === 'string' &&","                    typeof document.querySelector('body') === 'object' &&","                    typeof XMLHttpRequest.prototype.open === 'function' &&","                    'browser';","            } catch (errorCaughtBrowser) {","                return module.exports &&","                    typeof process.versions.node === 'string' &&","                    typeof require('http').createServer === 'function' &&","                    'node';","            }","        }());","        // init global","        local.global = local.modeJs === 'browser'","            ? window","            : global;","        // init utility2_rollup","        local = local.global.utility2_rollup || (local.modeJs === 'browser'","            ? local.global.utility2_npmtest_postal","            : global.utility2_moduleExports);","        // export local","        local.global.local = local;","    }());","    switch (local.modeJs) {","","","","    // post-init","    // run browser js-env code - post-init","    /* istanbul ignore next */","    case 'browser':","        local.testRunBrowser = function (event) {","            if (!event || (event &&","                    event.currentTarget &&","                    event.currentTarget.className &&","                    event.currentTarget.className.includes &&","                    event.currentTarget.className.includes('onreset'))) {","                // reset output","                Array.from(","                    document.querySelectorAll('body > .resettable')","                ).forEach(function (element) {","                    switch (element.tagName) {","                    case 'INPUT':","                    case 'TEXTAREA':","                        element.value = '';","                        break;","                    default:","                        element.textContent = '';","                    }","                });","            }","            switch (event && event.currentTarget && event.currentTarget.id) {","            case 'testRunButton1':","                // show tests","                if (document.querySelector('#testReportDiv1').style.display === 'none') {","                    document.querySelector('#testReportDiv1').style.display = 'block';","                    document.querySelector('#testRunButton1').textContent =","                        'hide internal test';","                    local.modeTest = true;","                    local.testRunDefault(local);","                // hide tests","                } else {","                    document.querySelector('#testReportDiv1').style.display = 'none';","                    document.querySelector('#testRunButton1').textContent = 'run internal test';","                }","                break;","            // custom-case","            default:","                break;","            }","            if (document.querySelector('#inputTextareaEval1') && (!event || (event &&","                    event.currentTarget &&","                    event.currentTarget.className &&","                    event.currentTarget.className.includes &&","                    event.currentTarget.className.includes('oneval')))) {","                // try to eval input-code","                try {","                    /*jslint evil: true*/","                    eval(document.querySelector('#inputTextareaEval1').value);","                } catch (errorCaught) {","                    console.error(errorCaught);","                }","            }","        };","        // log stderr and stdout to #outputTextareaStdout1","        ['error', 'log'].forEach(function (key) {","            console[key + '_original'] = console[key];","            console[key] = function () {","                var element;","                console[key + '_original'].apply(console, arguments);","                element = document.querySelector('#outputTextareaStdout1');","                if (!element) {","                    return;","                }","                // append text to #outputTextareaStdout1","                element.value += Array.from(arguments).map(function (arg) {","                    return typeof arg === 'string'","                        ? arg","                        : JSON.stringify(arg, null, 4);","                }).join(' ') + '\\n';","                // scroll textarea to bottom","                element.scrollTop = element.scrollHeight;","            };","        });","        // init event-handling","        ['change', 'click', 'keyup'].forEach(function (event) {","            Array.from(document.querySelectorAll('.on' + event)).forEach(function (element) {","                element.addEventListener(event, local.testRunBrowser);","            });","        });","        // run tests","        local.testRunBrowser();","        break;","","","","    // run node js-env code - post-init","    /* istanbul ignore next */","    case 'node':","        // export local","        module.exports = local;","        // require modules","        local.fs = require('fs');","        local.http = require('http');","        local.url = require('url');","        // init assets","        local.assetsDict = local.assetsDict || {};","        /* jslint-ignore-begin */","        local.assetsDict['/assets.index.template.html'] = '\\","<!doctype html>\\n\\","<html lang=\"en\">\\n\\","<head>\\n\\","<meta charset=\"UTF-8\">\\n\\","<meta name=\"viewport\" content=\"width=device-width, initial-scale=1\">\\n\\","<title>{{env.npm_package_name}} (v{{env.npm_package_version}})</title>\\n\\","<style>\\n\\","/*csslint\\n\\","    box-sizing: false,\\n\\","    universal-selector: false\\n\\","*/\\n\\","* {\\n\\","    box-sizing: border-box;\\n\\","}\\n\\","body {\\n\\","    background: #dde;\\n\\","    font-family: Arial, Helvetica, sans-serif;\\n\\","    margin: 2rem;\\n\\","}\\n\\","body > * {\\n\\","    margin-bottom: 1rem;\\n\\","}\\n\\",".utility2FooterDiv {\\n\\","    margin-top: 20px;\\n\\","    text-align: center;\\n\\","}\\n\\","</style>\\n\\","<style>\\n\\","/*csslint\\n\\","*/\\n\\","textarea {\\n\\","    font-family: monospace;\\n\\","    height: 10rem;\\n\\","    width: 100%;\\n\\","}\\n\\","textarea[readonly] {\\n\\","    background: #ddd;\\n\\","}\\n\\","</style>\\n\\","</head>\\n\\","<body>\\n\\","<!-- utility2-comment\\n\\","<div id=\"ajaxProgressDiv1\" style=\"background: #d00; height: 2px; left: 0; margin: 0; padding: 0; position: fixed; top: 0; transition: background 0.5s, width 1.5s; width: 25%;\"></div>\\n\\","utility2-comment -->\\n\\","<h1>\\n\\","<!-- utility2-comment\\n\\","    <a\\n\\","        {{#if env.npm_package_homepage}}\\n\\","        href=\"{{env.npm_package_homepage}}\"\\n\\","        {{/if env.npm_package_homepage}}\\n\\","        target=\"_blank\"\\n\\","    >\\n\\","utility2-comment -->\\n\\","        {{env.npm_package_name}} (v{{env.npm_package_version}})\\n\\","<!-- utility2-comment\\n\\","    </a>\\n\\","utility2-comment -->\\n\\","</h1>\\n\\","<h3>{{env.npm_package_description}}</h3>\\n\\","<!-- utility2-comment\\n\\","<h4><a download href=\"assets.app.js\">download standalone app</a></h4>\\n\\","<button class=\"onclick onreset\" id=\"testRunButton1\">run internal test</button><br>\\n\\","<div id=\"testReportDiv1\" style=\"display: none;\"></div>\\n\\","utility2-comment -->\\n\\","\\n\\","\\n\\","\\n\\","<label>stderr and stdout</label>\\n\\","<textarea class=\"resettable\" id=\"outputTextareaStdout1\" readonly></textarea>\\n\\","<!-- utility2-comment\\n\\","{{#if isRollup}}\\n\\","<script src=\"assets.app.js\"></script>\\n\\","{{#unless isRollup}}\\n\\","utility2-comment -->\\n\\","<script src=\"assets.utility2.rollup.js\"></script>\\n\\","<script src=\"jsonp.utility2._stateInit?callback=window.utility2._stateInit\"></script>\\n\\","<script src=\"assets.npmtest_postal.rollup.js\"></script>\\n\\","<script src=\"assets.example.js\"></script>\\n\\","<script src=\"assets.test.js\"></script>\\n\\","<!-- utility2-comment\\n\\","{{/if isRollup}}\\n\\","utility2-comment -->\\n\\","<div class=\"utility2FooterDiv\">\\n\\","    [ this app was created with\\n\\","    <a href=\"https://github.com/kaizhu256/node-utility2\" target=\"_blank\">utility2</a>\\n\\","    ]\\n\\","</div>\\n\\","</body>\\n\\","</html>\\n\\","';","        /* jslint-ignore-end */","        if (local.templateRender) {","            local.assetsDict['/'] = local.templateRender(","                local.assetsDict['/assets.index.template.html'],","                {","                    env: local.objectSetDefault(local.env, {","                        npm_package_description: 'the greatest app in the world!',","                        npm_package_name: 'my-app',","                        npm_package_nameAlias: 'my_app',","                        npm_package_version: '0.0.1'","                    })","                }","            );","        } else {","            local.assetsDict['/'] = local.assetsDict['/assets.index.template.html']","                .replace((/\\{\\{env\\.(\\w+?)\\}\\}/g), function (match0, match1) {","                    // jslint-hack","                    String(match0);","                    switch (match1) {","                    case 'npm_package_description':","                        return 'the greatest app in the world!';","                    case 'npm_package_name':","                        return 'my-app';","                    case 'npm_package_nameAlias':","                        return 'my_app';","                    case 'npm_package_version':","                        return '0.0.1';","                    }","                });","        }","        // run the cli","        if (local.global.utility2_rollup || module !== require.main) {","            break;","        }","        local.assetsDict['/assets.example.js'] =","            local.assetsDict['/assets.example.js'] ||","            local.fs.readFileSync(__filename, 'utf8');","        // bug-workaround - long $npm_package_buildCustomOrg","        /* jslint-ignore-begin */","        local.assetsDict['/assets.npmtest_postal.rollup.js'] =","            local.assetsDict['/assets.npmtest_postal.rollup.js'] ||","            local.fs.readFileSync(","                local.npmtest_postal.__dirname + '/lib.npmtest_postal.js',","                'utf8'","            ).replace((/^#!/), '//');","        /* jslint-ignore-end */","        local.assetsDict['/favicon.ico'] = local.assetsDict['/favicon.ico'] || '';","        // if $npm_config_timeout_exit exists,","        // then exit this process after $npm_config_timeout_exit ms","        if (Number(process.env.npm_config_timeout_exit)) {","            setTimeout(process.exit, Number(process.env.npm_config_timeout_exit));","        }","        // start server","        if (local.global.utility2_serverHttp1) {","            break;","        }","        process.env.PORT = process.env.PORT || '8081';","        console.error('server starting on port ' + process.env.PORT);","        local.http.createServer(function (request, response) {","            request.urlParsed = local.url.parse(request.url);","            if (local.assetsDict[request.urlParsed.pathname] !== undefined) {","                response.end(local.assetsDict[request.urlParsed.pathname]);","                return;","            }","            response.statusCode = 404;","            response.end();","        }).listen(process.env.PORT);","        break;","    }","}());",""],"l":{"26":2,"28":2,"33":2,"35":2,"37":2,"38":2,"39":2,"44":1,"51":2,"55":2,"59":2,"61":2,"69":1,"70":2,"76":2,"79":2,"82":2,"83":2,"85":1,"89":2,"92":1,"93":1,"94":1,"96":1,"97":1,"100":1,"101":1,"103":1,"106":1,"108":2,"114":1,"116":1,"118":1,"123":1,"124":2,"125":2,"126":3,"127":3,"128":3,"129":3,"130":1,"133":3,"134":3,"139":3,"143":1,"144":3,"145":1,"149":1,"150":1,"158":1,"160":1,"161":1,"162":1,"164":1,"166":1,"258":1,"259":1,"271":1,"274":6,"275":6,"277":1,"279":2,"281":1,"283":2,"288":1,"289":1,"291":1,"296":1,"303":1,"306":1,"307":1,"310":1,"311":1,"313":1,"314":1,"315":1,"316":1,"317":1,"318":1,"319":1,"321":1,"322":1,"324":1}},"/home/travis/build/npmtest/node-npmtest-postal/node_modules/postal/lib/postal.js":{"path":"/home/travis/build/npmtest/node-npmtest-postal/node_modules/postal/lib/postal.js","s":{"1":1,"2":1,"3":0,"4":0,"5":1,"6":1,"7":0,"8":1,"9":1,"10":1,"11":0,"12":1,"13":1,"14":1,"15":1,"16":0,"17":0,"18":1,"19":0,"20":1,"21":0,"22":0,"23":0,"24":0,"25":0,"26":0,"27":0,"28":0,"29":0,"30":0,"31":0,"32":0,"33":0,"34":1,"35":0,"36":0,"37":0,"38":0,"39":0,"40":0,"41":0,"42":0,"43":0,"44":0,"45":1,"46":0,"47":0,"48":0,"49":0,"50":0,"51":0,"52":0,"53":0,"54":0,"55":1,"56":0,"57":0,"58":0,"59":0,"60":0,"61":0,"62":0,"63":1,"64":0,"65":0,"66":0,"67":0,"68":0,"69":0,"70":0,"71":0,"72":0,"73":0,"74":0,"75":0,"76":0,"77":0,"78":0,"79":0,"80":0,"81":0,"82":0,"83":0,"84":0,"85":0,"86":0,"87":0,"88":0,"89":0,"90":0,"91":0,"92":0,"93":0,"94":0,"95":0,"96":0,"97":0,"98":0,"99":0,"100":0,"101":0,"102":0,"103":0,"104":0,"105":0,"106":0,"107":0,"108":0,"109":0,"110":0,"111":0,"112":0,"113":0,"114":0,"115":0,"116":0,"117":0,"118":0,"119":0,"120":0,"121":0,"122":0,"123":0,"124":0,"125":0,"126":0,"127":0,"128":0,"129":0,"130":0,"131":0,"132":0,"133":0,"134":0,"135":0,"136":0,"137":0,"138":0,"139":0,"140":0,"141":0,"142":0,"143":0,"144":0,"145":0,"146":1,"147":0,"148":0,"149":0,"150":0,"151":0,"152":0,"153":0,"154":0,"155":0,"156":0,"157":0,"158":0,"159":0,"160":0,"161":0,"162":0,"163":0,"164":0,"165":0,"166":0,"167":0,"168":0,"169":0,"170":0,"171":0,"172":0,"173":0,"174":0,"175":0,"176":0,"177":0,"178":0,"179":0,"180":0,"181":0,"182":0,"183":0,"184":0,"185":0,"186":0,"187":0,"188":0,"189":0,"190":0,"191":0,"192":0,"193":0,"194":0,"195":0,"196":1,"197":1,"198":1,"199":1,"200":0,"201":0,"202":1,"203":0,"204":0,"205":0,"206":0,"207":0,"208":1,"209":0,"210":0,"211":0,"212":0,"213":0,"214":0,"215":0,"216":0,"217":0,"218":0,"219":1,"220":0,"221":1,"222":1,"223":1,"224":0,"225":0,"226":0,"227":0,"228":0,"229":0,"230":0,"231":0,"232":0,"233":0,"234":0,"235":0,"236":0,"237":1,"238":0,"239":0,"240":0,"241":0,"242":0,"243":0,"244":0,"245":0,"246":0,"247":0,"248":0,"249":0,"250":0,"251":0,"252":0,"253":0,"254":0,"255":0,"256":0,"257":0,"258":0,"259":0,"260":0,"261":0,"262":0,"263":0,"264":0,"265":0,"266":0,"267":0,"268":0,"269":0,"270":0,"271":0,"272":0,"273":0,"274":0,"275":0,"276":0,"277":0,"278":0,"279":0,"280":0,"281":0,"282":0,"283":0,"284":0,"285":0,"286":0,"287":0,"288":0,"289":0,"290":0,"291":0,"292":0,"293":0,"294":0,"295":0,"296":0,"297":0,"298":0,"299":0,"300":0,"301":0,"302":0,"303":0,"304":0,"305":0,"306":0,"307":0,"308":0,"309":0,"310":0,"311":0,"312":0,"313":0,"314":0,"315":0,"316":0,"317":0,"318":0,"319":0,"320":0,"321":0,"322":0,"323":0,"324":0,"325":0,"326":0,"327":0,"328":0,"329":0,"330":0,"331":0,"332":0,"333":0,"334":0,"335":0,"336":0,"337":0,"338":0,"339":0,"340":0,"341":0,"342":0,"343":0,"344":0,"345":0,"346":1,"347":0,"348":0,"349":1},"b":{"1":[0,1],"2":[1,0],"3":[1,0],"4":[1,1],"5":[1,1],"6":[1,1],"7":[0,1],"8":[1,0],"9":[0,0],"10":[0,0],"11":[0,0],"12":[0,0],"13":[0,0],"14":[0,0],"15":[0,0],"16":[0,0],"17":[0,0],"18":[0,0],"19":[0,0],"20":[0,0],"21":[0,0],"22":[0,0],"23":[0,0],"24":[0,0],"25":[0,0],"26":[0,0],"27":[0,0],"28":[0,0],"29":[0,0],"30":[0,0],"31":[0,0],"32":[0,0],"33":[0,0],"34":[0,0],"35":[0,0],"36":[0,0],"37":[0,0],"38":[0,0],"39":[0,0],"40":[0,0],"41":[0,0],"42":[0,0],"43":[0,0],"44":[0,0],"45":[0,0],"46":[0,0,0,0],"47":[0,0],"48":[0,0],"49":[0,0],"50":[0,0],"51":[0,0],"52":[0,0,0],"53":[0,0],"54":[0,0],"55":[0,0],"56":[0,0],"57":[0,0],"58":[0,0],"59":[0,0],"60":[0,0,0,0,0],"61":[0,0],"62":[0,0],"63":[0,0,0,0],"64":[0,0],"65":[0,0],"66":[0,0],"67":[0,0],"68":[0,0],"69":[0,0],"70":[0,0],"71":[0,0],"72":[0,0],"73":[0,0],"74":[0,0],"75":[0,0],"76":[0,0],"77":[0,0],"78":[0,0],"79":[0,0],"80":[0,0],"81":[0,0],"82":[0,0],"83":[0,0],"84":[0,0],"85":[0,0],"86":[0,0],"87":[0,0],"88":[0,0],"89":[0,0],"90":[0,0],"91":[0,0],"92":[0,0],"93":[0,1],"94":[1,1,0]},"f":{"1":1,"2":0,"3":1,"4":0,"5":0,"6":0,"7":0,"8":0,"9":0,"10":0,"11":0,"12":0,"13":0,"14":0,"15":0,"16":0,"17":0,"18":0,"19":0,"20":0,"21":0,"22":0,"23":0,"24":0,"25":0,"26":0,"27":0,"28":0,"29":0,"30":0,"31":0,"32":0,"33":0,"34":0,"35":0,"36":0,"37":0,"38":0,"39":0,"40":0,"41":0,"42":0,"43":0,"44":0,"45":0,"46":0,"47":0,"48":0,"49":0,"50":0,"51":0,"52":0,"53":0,"54":0,"55":0,"56":0,"57":0,"58":0,"59":0,"60":0,"61":0,"62":0,"63":0,"64":0,"65":0,"66":0,"67":0,"68":0,"69":0,"70":0},"fnMap":{"1":{"name":"(anonymous_1)","line":9,"loc":{"start":{"line":9,"column":2},"end":{"line":9,"column":28}}},"2":{"name":"(anonymous_2)","line":13,"loc":{"start":{"line":13,"column":24},"end":{"line":13,"column":38}}},"3":{"name":"(anonymous_3)","line":24,"loc":{"start":{"line":24,"column":9},"end":{"line":24,"column":42}}},"4":{"name":"(anonymous_4)","line":44,"loc":{"start":{"line":44,"column":24},"end":{"line":44,"column":53}}},"5":{"name":"(anonymous_5)","line":49,"loc":{"start":{"line":49,"column":40},"end":{"line":49,"column":51}}},"6":{"name":"(anonymous_6)","line":61,"loc":{"start":{"line":61,"column":38},"end":{"line":61,"column":49}}},"7":{"name":"(anonymous_7)","line":81,"loc":{"start":{"line":81,"column":29},"end":{"line":81,"column":66}}},"8":{"name":"(anonymous_8)","line":96,"loc":{"start":{"line":96,"column":35},"end":{"line":96,"column":46}}},"9":{"name":"(anonymous_9)","line":98,"loc":{"start":{"line":98,"column":8},"end":{"line":98,"column":25}}},"10":{"name":"DistinctPredicateFactory","line":111,"loc":{"start":{"line":111,"column":24},"end":{"line":111,"column":60}}},"11":{"name":"DistinctPredicate","line":113,"loc":{"start":{"line":113,"column":8},"end":{"line":113,"column":43}}},"12":{"name":"(anonymous_12)","line":114,"loc":{"start":{"line":114,"column":38},"end":{"line":114,"column":52}}},"13":{"name":"(anonymous_13)","line":126,"loc":{"start":{"line":126,"column":10},"end":{"line":126,"column":35}}},"14":{"name":"(anonymous_14)","line":128,"loc":{"start":{"line":128,"column":21},"end":{"line":128,"column":32}}},"15":{"name":"defer","line":139,"loc":{"start":{"line":139,"column":8},"end":{"line":139,"column":25}}},"16":{"name":"disposeAfter","line":143,"loc":{"start":{"line":143,"column":15},"end":{"line":143,"column":49}}},"17":{"name":"(anonymous_17)","line":148,"loc":{"start":{"line":148,"column":22},"end":{"line":148,"column":50}}},"18":{"name":"distinct","line":155,"loc":{"start":{"line":155,"column":11},"end":{"line":155,"column":31}}},"19":{"name":"distinctUntilChanged","line":159,"loc":{"start":{"line":159,"column":23},"end":{"line":159,"column":55}}},"20":{"name":"invokeSubscriber","line":163,"loc":{"start":{"line":163,"column":19},"end":{"line":163,"column":58}}},"21":{"name":"step","line":176,"loc":{"start":{"line":176,"column":15},"end":{"line":176,"column":37}}},"22":{"name":"logError","line":191,"loc":{"start":{"line":191,"column":11},"end":{"line":191,"column":31}}},"23":{"name":"once","line":205,"loc":{"start":{"line":205,"column":7},"end":{"line":205,"column":23}}},"24":{"name":"subscribe","line":209,"loc":{"start":{"line":209,"column":12},"end":{"line":209,"column":43}}},"25":{"name":"unsubscribe","line":214,"loc":{"start":{"line":214,"column":14},"end":{"line":214,"column":37}}},"26":{"name":"constraint","line":221,"loc":{"start":{"line":221,"column":13},"end":{"line":221,"column":46}}},"27":{"name":"(anonymous_27)","line":225,"loc":{"start":{"line":225,"column":22},"end":{"line":225,"column":50}}},"28":{"name":"constraints","line":233,"loc":{"start":{"line":233,"column":14},"end":{"line":233,"column":49}}},"29":{"name":"(anonymous_29)","line":236,"loc":{"start":{"line":236,"column":22},"end":{"line":236,"column":44}}},"30":{"name":"contextSetter","line":242,"loc":{"start":{"line":242,"column":10},"end":{"line":242,"column":44}}},"31":{"name":"debounce","line":247,"loc":{"start":{"line":247,"column":11},"end":{"line":247,"column":56}}},"32":{"name":"(anonymous_32)","line":260,"loc":{"start":{"line":260,"column":15},"end":{"line":260,"column":43}}},"33":{"name":"delay","line":270,"loc":{"start":{"line":270,"column":8},"end":{"line":270,"column":39}}},"34":{"name":"(anonymous_34)","line":275,"loc":{"start":{"line":275,"column":22},"end":{"line":275,"column":50}}},"35":{"name":"(anonymous_35)","line":276,"loc":{"start":{"line":276,"column":15},"end":{"line":276,"column":26}}},"36":{"name":"throttle","line":283,"loc":{"start":{"line":283,"column":11},"end":{"line":283,"column":45}}},"37":{"name":"(anonymous_37)","line":287,"loc":{"start":{"line":287,"column":11},"end":{"line":287,"column":39}}},"38":{"name":"compare","line":303,"loc":{"start":{"line":303,"column":10},"end":{"line":303,"column":60}}},"39":{"name":"mapTopicBinding","line":325,"loc":{"start":{"line":325,"column":48},"end":{"line":325,"column":84}}},"40":{"name":"reset","line":349,"loc":{"start":{"line":349,"column":8},"end":{"line":349,"column":25}}},"41":{"name":"(anonymous_41)","line":354,"loc":{"start":{"line":354,"column":8},"end":{"line":354,"column":28}}},"42":{"name":"(anonymous_42)","line":357,"loc":{"start":{"line":357,"column":23},"end":{"line":357,"column":44}}},"43":{"name":"(anonymous_43)","line":367,"loc":{"start":{"line":367,"column":25},"end":{"line":367,"column":46}}},"44":{"name":"clearUnSubQueue","line":390,"loc":{"start":{"line":390,"column":0},"end":{"line":390,"column":27}}},"45":{"name":"getCachePurger","line":396,"loc":{"start":{"line":396,"column":0},"end":{"line":396,"column":46}}},"46":{"name":"(anonymous_46)","line":397,"loc":{"start":{"line":397,"column":8},"end":{"line":397,"column":33}}},"47":{"name":"getCacher","line":407,"loc":{"start":{"line":407,"column":0},"end":{"line":407,"column":64}}},"48":{"name":"(anonymous_48)","line":409,"loc":{"start":{"line":409,"column":8},"end":{"line":409,"column":27}}},"49":{"name":"getSystemMessage","line":424,"loc":{"start":{"line":424,"column":0},"end":{"line":424,"column":42}}},"50":{"name":"getPredicate","line":439,"loc":{"start":{"line":439,"column":0},"end":{"line":439,"column":43}}},"51":{"name":"(anonymous_51)","line":443,"loc":{"start":{"line":443,"column":9},"end":{"line":443,"column":20}}},"52":{"name":"(anonymous_52)","line":447,"loc":{"start":{"line":447,"column":9},"end":{"line":447,"column":25}}},"53":{"name":"(anonymous_53)","line":450,"loc":{"start":{"line":450,"column":20},"end":{"line":450,"column":42}}},"54":{"name":"channel","line":474,"loc":{"start":{"line":474,"column":10},"end":{"line":474,"column":42}}},"55":{"name":"addWireTap","line":478,"loc":{"start":{"line":478,"column":13},"end":{"line":478,"column":45}}},"56":{"name":"(anonymous_56)","line":481,"loc":{"start":{"line":481,"column":9},"end":{"line":481,"column":20}}},"57":{"name":"noConflict","line":489,"loc":{"start":{"line":489,"column":13},"end":{"line":489,"column":35}}},"58":{"name":"getSubscribersFor","line":498,"loc":{"start":{"line":498,"column":20},"end":{"line":498,"column":58}}},"59":{"name":"(anonymous_59)","line":501,"loc":{"start":{"line":501,"column":30},"end":{"line":501,"column":50}}},"60":{"name":"(anonymous_60)","line":502,"loc":{"start":{"line":502,"column":20},"end":{"line":502,"column":40}}},"61":{"name":"publish","line":509,"loc":{"start":{"line":509,"column":10},"end":{"line":509,"column":43}}},"62":{"name":"(anonymous_62)","line":515,"loc":{"start":{"line":515,"column":26},"end":{"line":515,"column":42}}},"63":{"name":"(anonymous_63)","line":528,"loc":{"start":{"line":528,"column":4},"end":{"line":528,"column":26}}},"64":{"name":"(anonymous_64)","line":537,"loc":{"start":{"line":537,"column":42},"end":{"line":537,"column":65}}},"65":{"name":"(anonymous_65)","line":541,"loc":{"start":{"line":541,"column":18},"end":{"line":541,"column":37}}},"66":{"name":"reset","line":560,"loc":{"start":{"line":560,"column":8},"end":{"line":560,"column":25}}},"67":{"name":"subscribe","line":567,"loc":{"start":{"line":567,"column":12},"end":{"line":567,"column":42}}},"68":{"name":"(anonymous_68)","line":584,"loc":{"start":{"line":584,"column":27},"end":{"line":584,"column":48}}},"69":{"name":"unsubscribe","line":599,"loc":{"start":{"line":599,"column":14},"end":{"line":599,"column":37}}},"70":{"name":"unsubscribeFor","line":660,"loc":{"start":{"line":660,"column":17},"end":{"line":660,"column":52}}}},"statementMap":{"1":{"start":{"line":9,"column":0},"end":{"line":680,"column":6}},"2":{"start":{"line":11,"column":1},"end":{"line":23,"column":2}},"3":{"start":{"line":13,"column":2},"end":{"line":15,"column":6}},"4":{"start":{"line":14,"column":3},"end":{"line":14,"column":29}},"5":{"start":{"line":17,"column":8},"end":{"line":23,"column":2}},"6":{"start":{"line":19,"column":2},"end":{"line":19,"column":56}},"7":{"start":{"line":22,"column":2},"end":{"line":22,"column":40}},"8":{"start":{"line":25,"column":1},"end":{"line":25,"column":42}},"9":{"start":{"line":26,"column":1},"end":{"line":26,"column":37}},"10":{"start":{"line":27,"column":1},"end":{"line":29,"column":2}},"11":{"start":{"line":28,"column":2},"end":{"line":28,"column":21}},"12":{"start":{"line":30,"column":1},"end":{"line":36,"column":3}},"13":{"start":{"line":37,"column":1},"end":{"line":39,"column":3}},"14":{"start":{"line":40,"column":1},"end":{"line":40,"column":36}},"15":{"start":{"line":44,"column":0},"end":{"line":47,"column":2}},"16":{"start":{"line":45,"column":1},"end":{"line":45,"column":16}},"17":{"start":{"line":46,"column":1},"end":{"line":46,"column":55}},"18":{"start":{"line":49,"column":0},"end":{"line":55,"column":2}},"19":{"start":{"line":50,"column":1},"end":{"line":54,"column":5}},"20":{"start":{"line":61,"column":0},"end":{"line":78,"column":2}},"21":{"start":{"line":62,"column":1},"end":{"line":62,"column":19}},"22":{"start":{"line":63,"column":1},"end":{"line":63,"column":14}},"23":{"start":{"line":64,"column":1},"end":{"line":71,"column":2}},"24":{"start":{"line":65,"column":2},"end":{"line":65,"column":34}},"25":{"start":{"line":66,"column":2},"end":{"line":66,"column":33}},"26":{"start":{"line":67,"column":2},"end":{"line":67,"column":28}},"27":{"start":{"line":69,"column":2},"end":{"line":69,"column":28}},"28":{"start":{"line":70,"column":2},"end":{"line":70,"column":28}},"29":{"start":{"line":72,"column":1},"end":{"line":74,"column":2}},"30":{"start":{"line":73,"column":2},"end":{"line":73,"column":126}},"31":{"start":{"line":75,"column":1},"end":{"line":75,"column":97}},"32":{"start":{"line":76,"column":1},"end":{"line":76,"column":33}},"33":{"start":{"line":77,"column":1},"end":{"line":77,"column":40}},"34":{"start":{"line":81,"column":0},"end":{"line":94,"column":2}},"35":{"start":{"line":82,"column":1},"end":{"line":84,"column":2}},"36":{"start":{"line":83,"column":2},"end":{"line":83,"column":119}},"37":{"start":{"line":85,"column":1},"end":{"line":87,"column":2}},"38":{"start":{"line":86,"column":2},"end":{"line":86,"column":46}},"39":{"start":{"line":88,"column":1},"end":{"line":88,"column":24}},"40":{"start":{"line":89,"column":1},"end":{"line":89,"column":20}},"41":{"start":{"line":90,"column":1},"end":{"line":90,"column":26}},"42":{"start":{"line":91,"column":1},"end":{"line":91,"column":20}},"43":{"start":{"line":92,"column":1},"end":{"line":92,"column":21}},"44":{"start":{"line":93,"column":1},"end":{"line":93,"column":27}},"45":{"start":{"line":96,"column":0},"end":{"line":109,"column":2}},"46":{"start":{"line":97,"column":1},"end":{"line":97,"column":14}},"47":{"start":{"line":98,"column":1},"end":{"line":108,"column":3}},"48":{"start":{"line":99,"column":2},"end":{"line":99,"column":17}},"49":{"start":{"line":100,"column":2},"end":{"line":106,"column":3}},"50":{"start":{"line":101,"column":3},"end":{"line":101,"column":26}},"51":{"start":{"line":102,"column":3},"end":{"line":102,"column":19}},"52":{"start":{"line":104,"column":3},"end":{"line":104,"column":36}},"53":{"start":{"line":105,"column":3},"end":{"line":105,"column":35}},"54":{"start":{"line":107,"column":2},"end":{"line":107,"column":13}},"55":{"start":{"line":111,"column":0},"end":{"line":122,"column":2}},"56":{"start":{"line":112,"column":1},"end":{"line":112,"column":19}},"57":{"start":{"line":113,"column":1},"end":{"line":121,"column":3}},"58":{"start":{"line":114,"column":2},"end":{"line":116,"column":6}},"59":{"start":{"line":115,"column":3},"end":{"line":115,"column":31}},"60":{"start":{"line":117,"column":2},"end":{"line":119,"column":3}},"61":{"start":{"line":118,"column":3},"end":{"line":118,"column":25}},"62":{"start":{"line":120,"column":2},"end":{"line":120,"column":20}},"63":{"start":{"line":124,"column":0},"end":{"line":293,"column":2}},"64":{"start":{"line":127,"column":2},"end":{"line":127,"column":31}},"65":{"start":{"line":128,"column":2},"end":{"line":134,"column":4}},"66":{"start":{"line":129,"column":3},"end":{"line":133,"column":4}},"67":{"start":{"line":130,"column":4},"end":{"line":130,"column":38}},"68":{"start":{"line":132,"column":4},"end":{"line":132,"column":40}},"69":{"start":{"line":135,"column":2},"end":{"line":135,"column":31}},"70":{"start":{"line":136,"column":2},"end":{"line":136,"column":14}},"71":{"start":{"line":140,"column":2},"end":{"line":140,"column":25}},"72":{"start":{"line":144,"column":2},"end":{"line":146,"column":3}},"73":{"start":{"line":145,"column":3},"end":{"line":145,"column":106}},"74":{"start":{"line":147,"column":2},"end":{"line":147,"column":67}},"75":{"start":{"line":148,"column":2},"end":{"line":151,"column":6}},"76":{"start":{"line":149,"column":3},"end":{"line":149,"column":21}},"77":{"start":{"line":150,"column":3},"end":{"line":150,"column":13}},"78":{"start":{"line":152,"column":2},"end":{"line":152,"column":14}},"79":{"start":{"line":156,"column":2},"end":{"line":156,"column":52}},"80":{"start":{"line":160,"column":2},"end":{"line":160,"column":63}},"81":{"start":{"line":164,"column":2},"end":{"line":188,"column":3}},"82":{"start":{"line":165,"column":3},"end":{"line":165,"column":19}},"83":{"start":{"line":166,"column":3},"end":{"line":166,"column":32}},"84":{"start":{"line":167,"column":3},"end":{"line":167,"column":29}},"85":{"start":{"line":168,"column":3},"end":{"line":168,"column":31}},"86":{"start":{"line":169,"column":3},"end":{"line":169,"column":16}},"87":{"start":{"line":170,"column":3},"end":{"line":170,"column":23}},"88":{"start":{"line":171,"column":3},"end":{"line":186,"column":4}},"89":{"start":{"line":172,"column":4},"end":{"line":172,"column":45}},"90":{"start":{"line":173,"column":4},"end":{"line":173,"column":19}},"91":{"start":{"line":175,"column":4},"end":{"line":175,"column":52}},"92":{"start":{"line":176,"column":4},"end":{"line":184,"column":6}},"93":{"start":{"line":177,"column":5},"end":{"line":177,"column":14}},"94":{"start":{"line":178,"column":5},"end":{"line":183,"column":6}},"95":{"start":{"line":179,"column":6},"end":{"line":179,"column":50}},"96":{"start":{"line":181,"column":6},"end":{"line":181,"column":42}},"97":{"start":{"line":182,"column":6},"end":{"line":182,"column":21}},"98":{"start":{"line":185,"column":4},"end":{"line":185,"column":25}},"99":{"start":{"line":187,"column":3},"end":{"line":187,"column":18}},"100":{"start":{"line":193,"column":2},"end":{"line":201,"column":3}},"101":{"start":{"line":194,"column":3},"end":{"line":194,"column":14}},"102":{"start":{"line":195,"column":3},"end":{"line":199,"column":4}},"103":{"start":{"line":196,"column":4},"end":{"line":196,"column":26}},"104":{"start":{"line":198,"column":4},"end":{"line":198,"column":25}},"105":{"start":{"line":200,"column":3},"end":{"line":200,"column":24}},"106":{"start":{"line":202,"column":2},"end":{"line":202,"column":14}},"107":{"start":{"line":206,"column":2},"end":{"line":206,"column":32}},"108":{"start":{"line":210,"column":2},"end":{"line":210,"column":27}},"109":{"start":{"line":211,"column":2},"end":{"line":211,"column":14}},"110":{"start":{"line":216,"column":2},"end":{"line":218,"column":3}},"111":{"start":{"line":217,"column":3},"end":{"line":217,"column":30}},"112":{"start":{"line":222,"column":2},"end":{"line":224,"column":3}},"113":{"start":{"line":223,"column":3},"end":{"line":223,"column":64}},"114":{"start":{"line":225,"column":2},"end":{"line":229,"column":6}},"115":{"start":{"line":226,"column":3},"end":{"line":228,"column":4}},"116":{"start":{"line":227,"column":4},"end":{"line":227,"column":22}},"117":{"start":{"line":230,"column":2},"end":{"line":230,"column":14}},"118":{"start":{"line":234,"column":2},"end":{"line":234,"column":18}},"119":{"start":{"line":236,"column":2},"end":{"line":238,"column":6}},"120":{"start":{"line":237,"column":3},"end":{"line":237,"column":32}},"121":{"start":{"line":239,"column":2},"end":{"line":239,"column":14}},"122":{"start":{"line":243,"column":2},"end":{"line":243,"column":26}},"123":{"start":{"line":244,"column":2},"end":{"line":244,"column":14}},"124":{"start":{"line":248,"column":2},"end":{"line":250,"column":3}},"125":{"start":{"line":249,"column":3},"end":{"line":249,"column":54}},"126":{"start":{"line":252,"column":2},"end":{"line":252,"column":19}},"127":{"start":{"line":254,"column":2},"end":{"line":257,"column":3}},"128":{"start":{"line":255,"column":3},"end":{"line":255,"column":26}},"129":{"start":{"line":256,"column":3},"end":{"line":256,"column":28}},"130":{"start":{"line":259,"column":2},"end":{"line":266,"column":4}},"131":{"start":{"line":261,"column":4},"end":{"line":261,"column":22}},"132":{"start":{"line":267,"column":2},"end":{"line":267,"column":14}},"133":{"start":{"line":271,"column":2},"end":{"line":273,"column":3}},"134":{"start":{"line":272,"column":3},"end":{"line":272,"column":54}},"135":{"start":{"line":274,"column":2},"end":{"line":274,"column":18}},"136":{"start":{"line":275,"column":2},"end":{"line":279,"column":6}},"137":{"start":{"line":276,"column":3},"end":{"line":278,"column":21}},"138":{"start":{"line":277,"column":4},"end":{"line":277,"column":22}},"139":{"start":{"line":280,"column":2},"end":{"line":280,"column":14}},"140":{"start":{"line":284,"column":2},"end":{"line":286,"column":3}},"141":{"start":{"line":285,"column":3},"end":{"line":285,"column":54}},"142":{"start":{"line":287,"column":2},"end":{"line":289,"column":4}},"143":{"start":{"line":288,"column":3},"end":{"line":288,"column":21}},"144":{"start":{"line":290,"column":2},"end":{"line":290,"column":55}},"145":{"start":{"line":291,"column":2},"end":{"line":291,"column":14}},"146":{"start":{"line":298,"column":0},"end":{"line":381,"column":2}},"147":{"start":{"line":304,"column":2},"end":{"line":304,"column":14}},"148":{"start":{"line":305,"column":2},"end":{"line":305,"column":10}},"149":{"start":{"line":306,"column":2},"end":{"line":306,"column":18}},"150":{"start":{"line":307,"column":2},"end":{"line":307,"column":61}},"151":{"start":{"line":308,"column":2},"end":{"line":308,"column":42}},"152":{"start":{"line":309,"column":2},"end":{"line":309,"column":32}},"153":{"start":{"line":310,"column":2},"end":{"line":310,"column":61}},"154":{"start":{"line":312,"column":2},"end":{"line":314,"column":3}},"155":{"start":{"line":313,"column":3},"end":{"line":313,"column":17}},"156":{"start":{"line":316,"column":2},"end":{"line":322,"column":3}},"157":{"start":{"line":317,"column":3},"end":{"line":317,"column":34}},"158":{"start":{"line":318,"column":3},"end":{"line":320,"column":4}},"159":{"start":{"line":319,"column":4},"end":{"line":319,"column":36}},"160":{"start":{"line":321,"column":3},"end":{"line":321,"column":17}},"161":{"start":{"line":324,"column":2},"end":{"line":341,"column":3}},"162":{"start":{"line":325,"column":3},"end":{"line":339,"column":25}},"163":{"start":{"line":326,"column":5},"end":{"line":326,"column":18}},"164":{"start":{"line":327,"column":5},"end":{"line":329,"column":6}},"165":{"start":{"line":328,"column":6},"end":{"line":328,"column":51}},"166":{"start":{"line":330,"column":5},"end":{"line":336,"column":6}},"167":{"start":{"line":331,"column":6},"end":{"line":331,"column":25}},"168":{"start":{"line":332,"column":12},"end":{"line":336,"column":6}},"169":{"start":{"line":333,"column":6},"end":{"line":333,"column":21}},"170":{"start":{"line":335,"column":6},"end":{"line":335,"column":21}},"171":{"start":{"line":337,"column":5},"end":{"line":337,"column":27}},"172":{"start":{"line":338,"column":5},"end":{"line":338,"column":16}},"173":{"start":{"line":340,"column":3},"end":{"line":340,"column":55}},"174":{"start":{"line":342,"column":2},"end":{"line":342,"column":29}},"175":{"start":{"line":343,"column":2},"end":{"line":345,"column":3}},"176":{"start":{"line":344,"column":3},"end":{"line":344,"column":35}},"177":{"start":{"line":346,"column":2},"end":{"line":346,"column":16}},"178":{"start":{"line":350,"column":2},"end":{"line":350,"column":18}},"179":{"start":{"line":351,"column":2},"end":{"line":351,"column":18}},"180":{"start":{"line":355,"column":2},"end":{"line":355,"column":18}},"181":{"start":{"line":356,"column":2},"end":{"line":356,"column":47}},"182":{"start":{"line":357,"column":2},"end":{"line":365,"column":4}},"183":{"start":{"line":358,"column":3},"end":{"line":358,"column":41}},"184":{"start":{"line":359,"column":3},"end":{"line":359,"column":26}},"185":{"start":{"line":360,"column":3},"end":{"line":360,"column":28}},"186":{"start":{"line":361,"column":3},"end":{"line":364,"column":4}},"187":{"start":{"line":363,"column":4},"end":{"line":363,"column":29}},"188":{"start":{"line":367,"column":2},"end":{"line":372,"column":4}},"189":{"start":{"line":368,"column":3},"end":{"line":368,"column":41}},"190":{"start":{"line":369,"column":3},"end":{"line":371,"column":4}},"191":{"start":{"line":370,"column":4},"end":{"line":370,"column":29}},"192":{"start":{"line":374,"column":2},"end":{"line":379,"column":3}},"193":{"start":{"line":375,"column":3},"end":{"line":375,"column":16}},"194":{"start":{"line":377,"column":3},"end":{"line":377,"column":78}},"195":{"start":{"line":378,"column":3},"end":{"line":378,"column":33}},"196":{"start":{"line":386,"column":0},"end":{"line":386,"column":22}},"197":{"start":{"line":387,"column":0},"end":{"line":387,"column":20}},"198":{"start":{"line":388,"column":0},"end":{"line":388,"column":25}},"199":{"start":{"line":390,"column":0},"end":{"line":394,"column":1}},"200":{"start":{"line":391,"column":1},"end":{"line":393,"column":2}},"201":{"start":{"line":392,"column":2},"end":{"line":392,"column":43}},"202":{"start":{"line":396,"column":0},"end":{"line":405,"column":1}},"203":{"start":{"line":397,"column":1},"end":{"line":404,"column":3}},"204":{"start":{"line":398,"column":2},"end":{"line":400,"column":3}},"205":{"start":{"line":399,"column":3},"end":{"line":399,"column":23}},"206":{"start":{"line":401,"column":2},"end":{"line":403,"column":3}},"207":{"start":{"line":402,"column":3},"end":{"line":402,"column":23}},"208":{"start":{"line":407,"column":0},"end":{"line":422,"column":1}},"209":{"start":{"line":408,"column":1},"end":{"line":408,"column":50}},"210":{"start":{"line":409,"column":1},"end":{"line":421,"column":3}},"211":{"start":{"line":410,"column":2},"end":{"line":410,"column":12}},"212":{"start":{"line":411,"column":2},"end":{"line":420,"column":3}},"213":{"start":{"line":412,"column":3},"end":{"line":416,"column":4}},"214":{"start":{"line":413,"column":4},"end":{"line":413,"column":66}},"215":{"start":{"line":414,"column":4},"end":{"line":414,"column":25}},"216":{"start":{"line":415,"column":4},"end":{"line":415,"column":38}},"217":{"start":{"line":417,"column":3},"end":{"line":419,"column":4}},"218":{"start":{"line":418,"column":4},"end":{"line":418,"column":19}},"219":{"start":{"line":424,"column":0},"end":{"line":434,"column":1}},"220":{"start":{"line":425,"column":1},"end":{"line":433,"column":3}},"221":{"start":{"line":436,"column":0},"end":{"line":436,"column":70}},"222":{"start":{"line":437,"column":0},"end":{"line":437,"column":70}},"223":{"start":{"line":439,"column":0},"end":{"line":464,"column":1}},"224":{"start":{"line":440,"column":1},"end":{"line":463,"column":2}},"225":{"start":{"line":441,"column":2},"end":{"line":441,"column":17}},"226":{"start":{"line":442,"column":8},"end":{"line":463,"column":2}},"227":{"start":{"line":443,"column":2},"end":{"line":445,"column":4}},"228":{"start":{"line":444,"column":3},"end":{"line":444,"column":15}},"229":{"start":{"line":447,"column":2},"end":{"line":462,"column":4}},"230":{"start":{"line":448,"column":3},"end":{"line":448,"column":20}},"231":{"start":{"line":449,"column":3},"end":{"line":449,"column":19}},"232":{"start":{"line":450,"column":3},"end":{"line":460,"column":7}},"233":{"start":{"line":451,"column":4},"end":{"line":451,"column":18}},"234":{"start":{"line":452,"column":4},"end":{"line":459,"column":5}},"235":{"start":{"line":458,"column":5},"end":{"line":458,"column":18}},"236":{"start":{"line":461,"column":3},"end":{"line":461,"column":31}},"237":{"start":{"line":466,"column":0},"end":{"line":668,"column":4}},"238":{"start":{"line":475,"column":2},"end":{"line":475,"column":52}},"239":{"start":{"line":479,"column":2},"end":{"line":479,"column":18}},"240":{"start":{"line":480,"column":2},"end":{"line":480,"column":33}},"241":{"start":{"line":481,"column":2},"end":{"line":486,"column":4}},"242":{"start":{"line":482,"column":3},"end":{"line":482,"column":47}},"243":{"start":{"line":483,"column":3},"end":{"line":485,"column":4}},"244":{"start":{"line":484,"column":4},"end":{"line":484,"column":35}},"245":{"start":{"line":491,"column":2},"end":{"line":493,"column":3}},"246":{"start":{"line":492,"column":3},"end":{"line":492,"column":102}},"247":{"start":{"line":494,"column":2},"end":{"line":494,"column":29}},"248":{"start":{"line":495,"column":2},"end":{"line":495,"column":14}},"249":{"start":{"line":499,"column":2},"end":{"line":499,"column":18}},"250":{"start":{"line":500,"column":2},"end":{"line":500,"column":18}},"251":{"start":{"line":501,"column":2},"end":{"line":505,"column":6}},"252":{"start":{"line":502,"column":3},"end":{"line":504,"column":7}},"253":{"start":{"line":503,"column":4},"end":{"line":503,"column":93}},"254":{"start":{"line":506,"column":2},"end":{"line":506,"column":16}},"255":{"start":{"line":510,"column":2},
[...]
his.topic = topic;","\tthis.callback = callback;","\tthis.pipeline = [];","\tthis.cacheKeys = [];","\tthis._context = undefined;","};","","var ConsecutiveDistinctPredicate = function() {","\tvar previous;","\treturn function( data ) {","\t\tvar eq = false;","\t\tif ( typeof data === \"string\" ) {","\t\t\teq = data === previous;","\t\t\tprevious = data;","\t\t} else {","\t\t\teq = _.isEqual( data, previous );","\t\t\tprevious = _.extend( {}, data );","\t\t}","\t\treturn !eq;","\t};","};","","var DistinctPredicate = function DistinctPredicateFactory() {","\tvar previous = [];","\treturn function DistinctPredicate( data ) {","\t\tvar isDistinct = !_.some( previous, function( p ) {","\t\t\treturn _.isEqual( data, p );","\t\t} );","\t\tif ( isDistinct ) {","\t\t\tprevious.push( data );","\t\t}","\t\treturn isDistinct;","\t};","};","","SubscriptionDefinition.prototype = {","","\t\"catch\": function( errorHandler ) {","\t\tvar original = this.callback;","\t\tvar safeCallback = function() {","\t\t\ttry {","\t\t\t\toriginal.apply( this, arguments );","\t\t\t} catch ( err ) {","\t\t\t\terrorHandler( err, arguments[ 0 ] );","\t\t\t}","\t\t};","\t\tthis.callback = safeCallback;","\t\treturn this;","\t},","","\tdefer: function defer() {","\t\treturn this.delay( 0 );","\t},","","\tdisposeAfter: function disposeAfter( maxCalls ) {","\t\tif ( typeof maxCalls !== \"number\" || maxCalls <= 0 ) {","\t\t\tthrow new Error( \"The value provided to disposeAfter (maxCalls) must be a number greater than zero.\" );","\t\t}","\t\tvar dispose = _.after( maxCalls, this.unsubscribe.bind( this ) );","\t\tthis.pipeline.push( function( data, env, next ) {","\t\t\tnext( data, env );","\t\t\tdispose();","\t\t} );","\t\treturn this;","\t},","","\tdistinct: function distinct() {","\t\treturn this.constraint( new DistinctPredicate() );","\t},","","\tdistinctUntilChanged: function distinctUntilChanged() {","\t\treturn this.constraint( new ConsecutiveDistinctPredicate() );","\t},","","\tinvokeSubscriber: function invokeSubscriber( data, env ) {","\t\tif ( !this.inactive ) {","\t\t\tvar self = this;","\t\t\tvar pipeline = self.pipeline;","\t\t\tvar len = pipeline.length;","\t\t\tvar context = self._context;","\t\t\tvar idx = -1;","\t\t\tvar invoked = false;","\t\t\tif ( !len ) {","\t\t\t\tself.callback.call( context, data, env );","\t\t\t\tinvoked = true;","\t\t\t} else {","\t\t\t\tpipeline = pipeline.concat( [ self.callback ] );","\t\t\t\tvar step = function step( d, e ) {","\t\t\t\t\tidx += 1;","\t\t\t\t\tif ( idx < len ) {","\t\t\t\t\t\tpipeline[ idx ].call( context, d, e, step );","\t\t\t\t\t} else {","\t\t\t\t\t\tself.callback.call( context, d, e );","\t\t\t\t\t\tinvoked = true;","\t\t\t\t\t}","\t\t\t\t};","\t\t\t\tstep( data, env, 0 );","\t\t\t}","\t\t\treturn invoked;","\t\t}","\t},","","\tlogError: function logError() {","\t\t","\t\tif ( console ) {","\t\t\tvar report;","\t\t\tif ( console.warn ) {","\t\t\t\treport = console.warn;","\t\t\t} else {","\t\t\t\treport = console.log;","\t\t\t}","\t\t\tthis.catch( report );","\t\t}","\t\treturn this;","\t},","","\tonce: function once() {","\t\treturn this.disposeAfter( 1 );","\t},","","\tsubscribe: function subscribe( callback ) {","\t\tthis.callback = callback;","\t\treturn this;","\t},","","\tunsubscribe: function unsubscribe() {","\t\t","\t\tif ( !this.inactive ) {","\t\t\tpostal.unsubscribe( this );","\t\t}","\t},","","\tconstraint: function constraint( predicate ) {","\t\tif ( typeof predicate !== \"function\" ) {","\t\t\tthrow new Error( \"Predicate constraint must be a function\" );","\t\t}","\t\tthis.pipeline.push( function( data, env, next ) {","\t\t\tif ( predicate.call( this, data, env ) ) {","\t\t\t\tnext( data, env );","\t\t\t}","\t\t} );","\t\treturn this;","\t},","","\tconstraints: function constraints( predicates ) {","\t\tvar self = this;","\t\t","\t\t_.each( predicates, function( predicate ) {","\t\t\tself.constraint( predicate );","\t\t} );","\t\treturn self;","\t},","","\tcontext: function contextSetter( context ) {","\t\tthis._context = context;","\t\treturn this;","\t},","","\tdebounce: function debounce( milliseconds, immediate ) {","\t\tif ( typeof milliseconds !== \"number\" ) {","\t\t\tthrow new Error( \"Milliseconds must be a number\" );","\t\t}","","\t\tvar options = {};","","\t\tif ( !!immediate === true ) { ","\t\t\toptions.leading = true;","\t\t\toptions.trailing = false;","\t\t}","","\t\tthis.pipeline.push(","\t\t\t_.debounce( function( data, env, next ) {","\t\t\t\tnext( data, env );","\t\t\t},","\t\t\t\tmilliseconds,","\t\t\t\toptions","\t\t\t)","\t\t);","\t\treturn this;","\t},","","\tdelay: function delay( milliseconds ) {","\t\tif ( typeof milliseconds !== \"number\" ) {","\t\t\tthrow new Error( \"Milliseconds must be a number\" );","\t\t}","\t\tvar self = this;","\t\tself.pipeline.push( function( data, env, next ) {","\t\t\tsetTimeout( function() {","\t\t\t\tnext( data, env );","\t\t\t}, milliseconds );","\t\t} );","\t\treturn this;","\t},","","\tthrottle: function throttle( milliseconds ) {","\t\tif ( typeof milliseconds !== \"number\" ) {","\t\t\tthrow new Error( \"Milliseconds must be a number\" );","\t\t}","\t\tvar fn = function( data, env, next ) {","\t\t\tnext( data, env );","\t\t};","\t\tthis.pipeline.push( _.throttle( fn, milliseconds ) );","\t\treturn this;","\t}","};","","\t","","","var bindingsResolver = _config.resolver = {","\tcache: {},","\tregex: {},","\tenableCache: true,","","\tcompare: function compare( binding, topic, headerOptions ) {","\t\tvar pattern;","\t\tvar rgx;","\t\tvar prevSegment;","\t\tvar cacheKey = topic + _config.cacheKeyDelimiter + binding;","\t\tvar result = ( this.cache[ cacheKey ] );","\t\tvar opt = headerOptions || {};","\t\tvar saveToCache = this.enableCache && !opt.resolverNoCache;","\t\t// result is cached?","\t\tif ( result === true ) {","\t\t\treturn result;","\t\t}","\t\t// plain string matching?","\t\tif ( binding.indexOf( \"#\" ) === -1 && binding.indexOf( \"*\" ) === -1 ) {","\t\t\tresult = ( topic === binding );","\t\t\tif ( saveToCache ) {","\t\t\t\tthis.cache[ cacheKey ] = result;","\t\t\t}","\t\t\treturn result;","\t\t}","\t\t// ah, regex matching, then","\t\tif ( !( rgx = this.regex[ binding ] ) ) {","\t\t\tpattern = \"^\" + _.map( binding.split( \".\" ), function mapTopicBinding( segment ) {","\t\t\t\t\tvar res = \"\";","\t\t\t\t\tif ( !!prevSegment ) {","\t\t\t\t\t\tres = prevSegment !== \"#\" ? \"\\\\.\\\\b\" : \"\\\\b\";","\t\t\t\t\t}","\t\t\t\t\tif ( segment === \"#\" ) {","\t\t\t\t\t\tres += \"[\\\\s\\\\S]*\";","\t\t\t\t\t} else if ( segment === \"*\" ) {","\t\t\t\t\t\tres += \"[^.]+\";","\t\t\t\t\t} else {","\t\t\t\t\t\tres += segment;","\t\t\t\t\t}","\t\t\t\t\tprevSegment = segment;","\t\t\t\t\treturn res;","\t\t\t\t} ).join( \"\" ) + \"$\";","\t\t\trgx = this.regex[ binding ] = new RegExp( pattern );","\t\t}","\t\tresult = rgx.test( topic );","\t\tif ( saveToCache ) {","\t\t\tthis.cache[ cacheKey ] = result;","\t\t}","\t\treturn result;","\t},","","\treset: function reset() {","\t\tthis.cache = {};","\t\tthis.regex = {};","\t},","","\tpurge: function( options ) {","\t\tvar self = this;","\t\tvar keyDelimiter = _config.cacheKeyDelimiter;","\t\tvar matchPredicate = function( val, key ) {","\t\t\tvar split = key.split( keyDelimiter );","\t\t\tvar topic = split[ 0 ];","\t\t\tvar binding = split[ 1 ];","\t\t\tif ( ( typeof options.topic === \"undefined\" || options.topic === topic ) &&","\t\t\t\t\t( typeof options.binding === \"undefined\" || options.binding === binding ) ) {","\t\t\t\tdelete self.cache[ key ];","\t\t\t}","\t\t};","","\t\tvar compactPredicate = function( val, key ) {","\t\t\tvar split = key.split( keyDelimiter );","\t\t\tif ( postal.getSubscribersFor( { topic: split[ 0 ] } ).length === 0 ) {","\t\t\t\tdelete self.cache[ key ];","\t\t\t}","\t\t};","","\t\tif ( typeof options === \"undefined\" ) {","\t\t\tthis.reset();","\t\t} else {","\t\t\tvar handler = options.compact === true ? compactPredicate : matchPredicate;","\t\t\t_.each( this.cache, handler );","\t\t}","\t}","};","","\t","","","var pubInProgress = 0;","var unSubQueue = [];","var autoCompactIndex = 0;","","function clearUnSubQueue() {","\twhile ( unSubQueue.length ) {","\t\tpostal.unsubscribe( unSubQueue.shift() );","\t}","}","","function getCachePurger( subDef, key, cache ) {","\treturn function( sub, i, list ) {","\t\tif ( sub === subDef ) {","\t\t\tlist.splice( i, 1 );","\t\t}","\t\tif ( list.length === 0 ) {","\t\t\tdelete cache[ key ];","\t\t}","\t};","}","","function getCacher( topic, pubCache, cacheKey, done, envelope ) {","\tvar headers = envelope && envelope.headers || {};","\treturn function( subDef ) {","\t\tvar cache;","\t\tif ( _config.resolver.compare( subDef.topic, topic, headers ) ) {","\t\t\tif ( !headers.resolverNoCache ) {","\t\t\t\tcache = pubCache[ cacheKey ] = ( pubCache[ cacheKey ] || [] );","\t\t\t\tcache.push( subDef );","\t\t\t\tsubDef.cacheKeys.push( cacheKey );","\t\t\t}","\t\t\tif ( done ) {","\t\t\t\tdone( subDef );","\t\t\t}","\t\t}","\t};","}","","function getSystemMessage( kind, subDef ) {","\treturn {","\t\tchannel: _config.SYSTEM_CHANNEL,","\t\ttopic: \"subscription.\" + kind,","\t\tdata: {","\t\t\tevent: \"subscription.\" + kind,","\t\t\tchannel: subDef.channel,","\t\t\ttopic: subDef.topic","\t\t}","\t};","}","","var sysCreatedMessage = getSystemMessage.bind( undefined, \"created\" );","var sysRemovedMessage = getSystemMessage.bind( undefined, \"removed\" );","","function getPredicate( options, resolver ) {","\tif ( typeof options === \"function\" ) {","\t\treturn options;","\t} else if ( !options ) {","\t\treturn function() {","\t\t\treturn true;","\t\t};","\t} else {","\t\treturn function( sub ) {","\t\t\tvar compared = 0;","\t\t\tvar matched = 0;","\t\t\t_.each( options, function( val, prop ) {","\t\t\t\tcompared += 1;","\t\t\t\tif (","\t\t\t\t// We use the bindings resolver to compare the options.topic to subDef.topic","\t\t\t\t( prop === \"topic\" && resolver.compare( sub.topic, options.topic, { resolverNoCache: true } ) ) ||","\t\t\t\t\t\t( prop === \"context\" && options.context === sub._context ) ||","\t\t\t\t\t\t// Any other potential prop/value matching outside topic & context...","\t\t\t\t\t\t( sub[ prop ] === options[ prop ] ) ) {","\t\t\t\t\tmatched += 1;","\t\t\t\t}","\t\t\t} );","\t\t\treturn compared === matched;","\t\t};","\t}","}","","_.extend( postal, {","\tcache: {},","\tsubscriptions: {},","\twireTaps: [],","","\tChannelDefinition: ChannelDefinition,","\tSubscriptionDefinition: SubscriptionDefinition,","","\tchannel: function channel( channelName ) {","\t\treturn new ChannelDefinition( channelName, this );","\t},","","\taddWireTap: function addWireTap( callback ) {","\t\tvar self = this;","\t\tself.wireTaps.push( callback );","\t\treturn function() {","\t\t\tvar idx = self.wireTaps.indexOf( callback );","\t\t\tif ( idx !== -1 ) {","\t\t\t\tself.wireTaps.splice( idx, 1 );","\t\t\t}","\t\t};","\t},","","\tnoConflict: function noConflict() {","\t\t","\t\tif ( typeof window === \"undefined\" || ( typeof window !== \"undefined\" && typeof define === \"function\" && define.amd ) ) {","\t\t\tthrow new Error( \"noConflict can only be used in browser clients which aren't using AMD modules\" );","\t\t}","\t\tglobal.postal = prevPostal;","\t\treturn this;","\t},","","\tgetSubscribersFor: function getSubscribersFor( options ) {","\t\tvar result = [];","\t\tvar self = this;","\t\t_.each( self.subscriptions, function( channel ) {","\t\t\t_.each( channel, function( subList ) {","\t\t\t\tresult = result.concat( _.filter( subList, getPredicate( options, _config.resolver ) ) );","\t\t\t} );","\t\t} );","\t\treturn result;","\t},","","\tpublish: function publish( envelope, cb ) {","\t\t++pubInProgress;","\t\tvar channel = envelope.channel = envelope.channel || _config.DEFAULT_CHANNEL;","\t\tvar topic = envelope.topic;","\t\tenvelope.timeStamp = new Date();","\t\tif ( this.wireTaps.length ) {","\t\t\t_.each( this.wireTaps, function( tap ) {","\t\t\t\ttap( envelope.data, envelope, pubInProgress );","\t\t\t} );","\t\t}","\t\tvar cacheKey = channel + _config.cacheKeyDelimiter + topic;","\t\tvar cache = this.cache[ cacheKey ];","\t\tvar skipped = 0;","\t\tvar activated = 0;","\t\tif ( !cache ) {","\t\t\tvar cacherFn = getCacher(","\t\t\t\ttopic,","\t\t\t\tthis.cache,","\t\t\t\tcacheKey,","\t\t\t\tfunction( candidate ) {","\t\t\t\t\tif ( candidate.invokeSubscriber( envelope.data, envelope ) ) {","\t\t\t\t\t\tactivated++;","\t\t\t\t\t} else {","\t\t\t\t\t\tskipped++;","\t\t\t\t\t}","\t\t\t\t},","\t\t\t\tenvelope","\t\t\t);","\t\t\t_.each( this.subscriptions[ channel ], function( candidates ) {","\t\t\t\t_.each( candidates, cacherFn );","\t\t\t} );","\t\t} else {","\t\t\t_.each( cache, function( subDef ) {","\t\t\t\tif ( subDef.invokeSubscriber( envelope.data, envelope ) ) {","\t\t\t\t\tactivated++;","\t\t\t\t} else {","\t\t\t\t\tskipped++;","\t\t\t\t}","\t\t\t} );","\t\t}","\t\tif ( --pubInProgress === 0 ) {","\t\t\tclearUnSubQueue();","\t\t}","\t\tif ( cb ) {","\t\t\tcb( {","\t\t\t\tactivated: activated,","\t\t\t\tskipped: skipped","\t\t\t} );","\t\t}","\t},","","\treset: function reset() {","\t\tthis.unsubscribeFor();","\t\t_config.resolver.reset();","\t\tthis.subscriptions = {};","\t\tthis.cache = {};","\t},","","\tsubscribe: function subscribe( options ) {","\t\tvar subscriptions = this.subscriptions;","\t\tvar subDef = new SubscriptionDefinition( options.channel || _config.DEFAULT_CHANNEL, options.topic, options.callback );","\t\tvar channel = subscriptions[ subDef.channel ];","\t\tvar channelLen = subDef.channel.length;","\t\tvar subs;","\t\tif ( !channel ) {","\t\t\tchannel = subscriptions[ subDef.channel ] = {};","\t\t}","\t\tsubs = subscriptions[ subDef.channel ][ subDef.topic ];","\t\tif ( !subs ) {","\t\t\tsubs = subscriptions[ subDef.channel ][ subDef.topic ] = [];","\t\t}","\t\t// First, add the SubscriptionDefinition to the channel list","\t\tsubs.push( subDef );","\t\t// Next, add the SubscriptionDefinition to any relevant existing cache(s)","\t\tvar cache = this.cache;","\t\t_.each( _.keys( cache ), function( cacheKey ) {","\t\t\tif ( cacheKey.substr( 0, channelLen ) === subDef.channel ) {","\t\t\t\tgetCacher(","\t\t\t\t\tcacheKey.split( _config.cacheKeyDelimiter )[1],","\t\t\t\t\tcache,","\t\t\t\t\tcacheKey )( subDef );","\t\t\t}","\t\t} );","\t\t","\t\tif ( _config.enableSystemMessages ) {","\t\t\tthis.publish( sysCreatedMessage( subDef ) );","\t\t}","\t\treturn subDef;","\t},","","\tunsubscribe: function unsubscribe() {","\t\tvar unSubLen = arguments.length;","\t\tvar unSubIdx = 0;","\t\tvar subDef;","\t\tvar channelSubs;","\t\tvar topicSubs;","\t\tvar idx;","\t\tfor ( ; unSubIdx < unSubLen; unSubIdx++ ) {","\t\t\tsubDef = arguments[ unSubIdx ];","\t\t\tsubDef.inactive = true;","\t\t\tif ( pubInProgress ) {","\t\t\t\tunSubQueue.push( subDef );","\t\t\t\treturn;","\t\t\t}","\t\t\tchannelSubs = this.subscriptions[ subDef.channel ];","\t\t\ttopicSubs = channelSubs && channelSubs[ subDef.topic ];","\t\t\t","\t\t\tif ( topicSubs ) {","\t\t\t\tvar len = topicSubs.length;","\t\t\t\tidx = 0;","\t\t\t\t// remove SubscriptionDefinition from channel list","\t\t\t\twhile ( idx < len ) {","\t\t\t\t\t","\t\t\t\t\tif ( topicSubs[ idx ] === subDef ) {","\t\t\t\t\t\ttopicSubs.splice( idx, 1 );","\t\t\t\t\t\tbreak;","\t\t\t\t\t}","\t\t\t\t\tidx += 1;","\t\t\t\t}","\t\t\t\tif ( topicSubs.length === 0 ) {","\t\t\t\t\tdelete channelSubs[ subDef.topic ];","\t\t\t\t\tif ( !_.keys( channelSubs ).length ) {","\t\t\t\t\t\tdelete this.subscriptions[ subDef.channel ];","\t\t\t\t\t}","\t\t\t\t}","\t\t\t\t// remove SubscriptionDefinition from postal cache","\t\t\t\tif ( subDef.cacheKeys && subDef.cacheKeys.length ) {","\t\t\t\t\tvar key;","\t\t\t\t\twhile ( key = subDef.cacheKeys.pop() ) {","\t\t\t\t\t\t_.each( this.cache[ key ], getCachePurger( subDef, key, this.cache ) );","\t\t\t\t\t}","\t\t\t\t}","\t\t\t\tif ( typeof _config.resolver.purge === \"function\" ) {","\t\t\t\t\t// check to see if relevant resolver cache entries can be purged","\t\t\t\t\tvar autoCompact = _config.autoCompactResolver === true ?","\t\t\t\t\t\t0 : typeof _config.autoCompactResolver === \"number\" ?","\t\t\t\t\t\t\t( _config.autoCompactResolver - 1 ) : false;","\t\t\t\t\tif ( autoCompact >= 0 && autoCompactIndex === autoCompact ) {","\t\t\t\t\t\t_config.resolver.purge( { compact: true } );","\t\t\t\t\t\tautoCompactIndex = 0;","\t\t\t\t\t} else if ( autoCompact >= 0 && autoCompactIndex < autoCompact ) {","\t\t\t\t\t\tautoCompactIndex += 1;","\t\t\t\t\t}","\t\t\t\t}","\t\t\t}","\t\t\tif ( _config.enableSystemMessages ) {","\t\t\t\tthis.publish( sysRemovedMessage( subDef ) );","\t\t\t}","\t\t}","\t},","","\tunsubscribeFor: function unsubscribeFor( options ) {","\t\tvar toDispose = [];","\t\t","\t\tif ( this.subscriptions ) {","\t\t\ttoDispose = this.getSubscribersFor( options );","\t\t\tthis.unsubscribe.apply( this, toDispose );","\t\t}","\t}","} );","","","\t","\tif ( global && Object.prototype.hasOwnProperty.call( global, \"__postalReady__\" ) && _.isArray( global.__postalReady__ ) ) {","\t\twhile ( global.__postalReady__.length ) {","\t\t\tglobal.__postalReady__.shift().onReady( postal );","\t\t}","\t}","\t","","\treturn postal;","} ) );",""],"l":{"10":1,"11":1,"27":1,"29":0,"30":0,"33":1,"35":1,"38":0,"41":1,"42":1,"49":1,"52":1,"56":1,"57":0,"58":0,"61":1,"62":0,"73":1,"74":0,"75":0,"76":0,"77":0,"78":0,"79":0,"81":0,"82":0,"84":0,"85":0,"87":0,"88":0,"89":0,"93":1,"94":0,"95":0,"97":0,"98":0,"100":0,"101":0,"102":0,"103":0,"104":0,"105":0,"108":1,"109":0,"110":0,"111":0,"112":0,"113":0,"114":0,"116":0,"117":0,"119":0,"123":1,"124":0,"125":0,"126":0,"127":0,"129":0,"130":0,"132":0,"136":1,"139":0,"140":0,"141":0,"142":0,"144":0,"147":0,"148":0,"152":0,"156":0,"157":0,"159":0,"160":0,"161":0,"162":0,"164":0,"168":0,"172":0,"176":0,"177":0,"178":0,"179":0,"180":0,"181":0,"182":0,"183":0,"184":0,"185":0,"187":0,"188":0,"189":0,"190":0,"191":0,"193":0,"194":0,"197":0,"199":0,"205":0,"206":0,"207":0,"208":0,"210":0,"212":0,"214":0,"218":0,"222":0,"223":0,"228":0,"229":0,"234":0,"235":0,"237":0,"238":0,"239":0,"242":0,"246":0,"248":0,"249":0,"251":0,"255":0,"256":0,"260":0,"261":0,"264":0,"266":0,"267":0,"268":0,"271":0,"273":0,"279":0,"283":0,"284":0,"286":0,"287":0,"288":0,"289":0,"292":0,"296":0,"297":0,"299":0,"300":0,"302":0,"303":0,"310":1,"316":0,"317":0,"318":0,"319":0,"320":0,"321":0,"322":0,"324":0,"325":0,"328":0,"329":0,"330":0,"331":0,"333":0,"336":0,"337":0,"338":0,"339":0,"340":0,"342":0,"343":0,"344":0,"345":0,"347":0,"349":0,"350":0,"352":0,"354":0,"355":0,"356":0,"358":0,"362":0,"363":0,"367":0,"368":0,"369":0,"370":0,"371":0,"372":0,"373":0,"375":0,"379":0,"380":0,"381":0,"382":0,"386":0,"387":0,"389":0,"390":0,"398":1,"399":1,"400":1,"402":1,"403":0,"404":0,"408":1,"409":0,"410":0,"411":0,"413":0,"414":0,"419":1,"420":0,"421":0,"422":0,"423":0,"424":0,"425":0,"426":0,"427":0,"429":0,"430":0,"436":1,"437":0,"448":1,"449":1,"451":1,"452":0,"453":0,"454":0,"455":0,"456":0,"459":0,"460":0,"461":0,"462":0,"463":0,"464":0,"470":0,"473":0,"478":1,"487":0,"491":0,"492":0,"493":0,"494":0,"495":0,"496":0,"503":0,"504":0,"506":0,"507":0,"511":0,"512":0,"513":0,"514":0,"515":0,"518":0,"522":0,"523":0,"524":0,"525":0,"526":0,"527":0,"528":0,"531":0,"532":0,"533":0,"534":0,"535":0,"536":0,"541":0,"542":0,"544":0,"549":0,"550":0,"553":0,"554":0,"555":0,"557":0,"561":0,"562":0,"564":0,"565":0,"573":0,"574":0,"575":0,"576":0,"580":0,"581":0,"582":0,"583":0,"584":0,"585":0,"586":0,"588":0,"589":0,"590":0,"593":0,"595":0,"596":0,"597":0,"598":0,"605":0,"606":0,"608":0,"612":0,"613":0,"614":0,"615":0,"616":0,"617":0,"618":0,"619":0,"620":0,"621":0,"622":0,"623":0,"625":0,"626":0,"628":0,"629":0,"630":0,"632":0,"634":0,"635":0,"636":0,"638":0,"640":0,"641":0,"642":0,"643":0,"647":0,"648":0,"649":0,"650":0,"653":0,"655":0,"658":0,"659":0,"660":0,"661":0,"662":0,"666":0,"667":0,"673":0,"675":0,"676":0,"677":0,"684":1,"685":0,"686":0,"691":1}}}